#
# There is insufficient memory for the Java Runtime Environment to continue.
# Native memory allocation (malloc) failed to allocate 212656 bytes. Error detail: Chunk::new
# Possible reasons:
#   The system is out of physical RAM or swap space
#   This process is running with CompressedOops enabled, and the Java Heap may be blocking the growth of the native heap
# Possible solutions:
#   Reduce memory load on the system
#   Increase physical memory or swap space
#   Check if swap backing store is full
#   Decrease Java heap size (-Xmx/-Xms)
#   Decrease number of Java threads
#   Decrease Java thread stack sizes (-Xss)
#   Set larger code cache with -XX:ReservedCodeCacheSize=
#   JVM is running with Unscaled Compressed Oops mode in which the Java heap is
#     placed in the first 4GB address space. The Java Heap base address is the
#     maximum limit for the native heap growth. Please use -XX:HeapBaseMinAddress
#     to set the Java Heap base and to place the Java Heap above 4GB virtual address.
# This output file may be truncated or incomplete.
#
#  Out of Memory Error (arena.cpp:150), pid=7520, tid=13788
#
# JRE version: OpenJDK Runtime Environment Temurin-22.0.1+8 (22.0.1+8) (build 22.0.1+8)
# Java VM: OpenJDK 64-Bit Server VM Temurin-22.0.1+8 (22.0.1+8, mixed mode, tiered, compressed oops, compressed class ptrs, g1 gc, windows-amd64)
# No core dump will be written. Minidumps are not enabled by default on client versions of Windows
#

---------------  S U M M A R Y ------------

Command Line: -Dfile.encoding=UTF-8 -Dstdout.encoding=UTF-8 -Dstderr.encoding=UTF-8 -XX:+ShowCodeDetailsInExceptionMessages com.DemoTest

Host: Intel(R) Core(TM) i5-7200U CPU @ 2.50GHz, 4 cores, 7G,  Windows 10 , 64 bit Build 19041 (10.0.19041.5438)
Time: Sun Feb 23 20:37:37 2025 India Standard Time elapsed time: 2.774381 seconds (0d 0h 0m 2s)

---------------  T H R E A D  ---------------

Current thread (0x000001321a5824a0):  JavaThread "C2 CompilerThread0" daemon [_thread_in_native, id=13788, stack(0x0000001564200000,0x0000001564300000) (1024K)]


Current CompileTask:
C2:2774 1749       4       jdk.internal.loader.URLClassPath::getResource (74 bytes)

Stack: [0x0000001564200000,0x0000001564300000]
Native frames: (J=compiled Java code, j=interpreted, Vv=VM code, C=native code)
V  [jvm.dll+0x6ea239]  (no source info available)
V  [jvm.dll+0x8ccf93]  (no source info available)
V  [jvm.dll+0x8cf3be]  (no source info available)
V  [jvm.dll+0x8cfa93]  (no source info available)
V  [jvm.dll+0x286ea6]  (no source info available)
V  [jvm.dll+0xc3b8f]  (no source info available)
V  [jvm.dll+0xc3deb]  (no source info available)
V  [jvm.dll+0x2facbf]  (no source info available)
V  [jvm.dll+0x611d2a]  (no source info available)
V  [jvm.dll+0x257582]  (no source info available)
V  [jvm.dll+0x24f3ce]  (no source info available)
V  [jvm.dll+0x24d466]  (no source info available)
V  [jvm.dll+0x1cad00]  (no source info available)
V  [jvm.dll+0x25d41b]  (no source info available)
V  [jvm.dll+0x25b6ea]  (no source info available)
V  [jvm.dll+0x3fbbb6]  (no source info available)
V  [jvm.dll+0x87538b]  (no source info available)
V  [jvm.dll+0x6e8935]  (no source info available)
C  [ucrtbase.dll+0x21bb2]  (no source info available)
C  [KERNEL32.DLL+0x17374]  (no source info available)
C  [ntdll.dll+0x4cc91]  (no source info available)


---------------  P R O C E S S  ---------------

Threads class SMR info:
_java_thread_list=0x000001321fc88770, length=13, elements={
0x0000013200b43330, 0x000001321a550010, 0x000001321a550e30, 0x000001321a5a5df0,
0x000001321a5a7470, 0x000001321a5a86f0, 0x000001321a570da0, 0x000001321a5824a0,
0x000001321a582f50, 0x000001321a66c6e0, 0x000001321a66cd70, 0x000001321a66b9c0,
0x000001321fb7f550
}

Java Threads: ( => current thread )
  0x0000013200b43330 JavaThread "main"                              [_thread_in_native, id=6716, stack(0x0000001563400000,0x0000001563500000) (1024K)]
  0x000001321a550010 JavaThread "Reference Handler"          daemon [_thread_blocked, id=14420, stack(0x0000001563c00000,0x0000001563d00000) (1024K)]
  0x000001321a550e30 JavaThread "Finalizer"                  daemon [_thread_blocked, id=9652, stack(0x0000001563d00000,0x0000001563e00000) (1024K)]
  0x000001321a5a5df0 JavaThread "Signal Dispatcher"          daemon [_thread_blocked, id=12900, stack(0x0000001563e00000,0x0000001563f00000) (1024K)]
  0x000001321a5a7470 JavaThread "Attach Listener"            daemon [_thread_blocked, id=11092, stack(0x0000001563f00000,0x0000001564000000) (1024K)]
  0x000001321a5a86f0 JavaThread "Service Thread"             daemon [_thread_blocked, id=14880, stack(0x0000001564000000,0x0000001564100000) (1024K)]
  0x000001321a570da0 JavaThread "Monitor Deflation Thread"   daemon [_thread_blocked, id=8940, stack(0x0000001564100000,0x0000001564200000) (1024K)]
=>0x000001321a5824a0 JavaThread "C2 CompilerThread0"         daemon [_thread_in_native, id=13788, stack(0x0000001564200000,0x0000001564300000) (1024K)]
  0x000001321a582f50 JavaThread "C1 CompilerThread0"         daemon [_thread_blocked, id=9404, stack(0x0000001564300000,0x0000001564400000) (1024K)]
  0x000001321a66c6e0 JavaThread "Notification Thread"        daemon [_thread_blocked, id=15608, stack(0x0000001564400000,0x0000001564500000) (1024K)]
  0x000001321a66cd70 JavaThread "Common-Cleaner"             daemon [_thread_blocked, id=12756, stack(0x0000001564500000,0x0000001564600000) (1024K)]
  0x000001321a66b9c0 JavaThread "background-preinit"                [_thread_in_native, id=16068, stack(0x0000001564a00000,0x0000001564b00000) (1024K)]
  0x000001321fb7f550 JavaThread "C2 CompilerThread1"         daemon [_thread_blocked, id=11668, stack(0x0000001564900000,0x0000001564a00000) (1024K)]
Total: 13

Other Threads:
  0x000001321a50cc70 VMThread "VM Thread"                           [id=16128, stack(0x0000001563b00000,0x0000001563c00000) (1024K)]
  0x000001321a48a360 WatcherThread "VM Periodic Task Thread"        [id=6020, stack(0x0000001563a00000,0x0000001563b00000) (1024K)]
  0x0000013202da9450 WorkerThread "GC Thread#0"                     [id=1700, stack(0x0000001563500000,0x0000001563600000) (1024K)]
  0x000001321f89bd20 WorkerThread "GC Thread#1"                     [id=3888, stack(0x0000001564600000,0x0000001564700000) (1024K)]
  0x000001321f89c0d0 WorkerThread "GC Thread#2"                     [id=480, stack(0x0000001564700000,0x0000001564800000) (1024K)]
  0x000001321f9074e0 WorkerThread "GC Thread#3"                     [id=11036, stack(0x0000001564800000,0x0000001564900000) (1024K)]
  0x0000013202dba140 ConcurrentGCThread "G1 Main Marker"            [id=13388, stack(0x0000001563600000,0x0000001563700000) (1024K)]
  0x0000013202dbb5a0 WorkerThread "G1 Conc#0"                       [id=12720, stack(0x0000001563700000,0x0000001563800000) (1024K)]
  0x0000013202e1e4a0 ConcurrentGCThread "G1 Refine#0"               [id=13148, stack(0x0000001563800000,0x0000001563900000) (1024K)]
  0x000001321a34b270 ConcurrentGCThread "G1 Service"                [id=14588, stack(0x0000001563900000,0x0000001563a00000) (1024K)]
Total: 10

Threads with active compile tasks:
C2 CompilerThread0  3031 1749       4       jdk.internal.loader.URLClassPath::getResource (74 bytes)
Total: 1

VM state: not at safepoint (normal execution)

VM Mutex/Monitor currently owned by a thread: None

Heap address: 0x0000000081800000, size: 2024 MB, Compressed Oops mode: 32-bit

CDS archive(s) not mapped
Compressed class space mapped at: 0x000000001d000000-0x000000005d000000, reserved size: 1073741824
Narrow klass base: 0x0000000000000000, Narrow klass shift: 0, Narrow klass range: 0x5d000000

GC Precious Log:
 CardTable entry size: 512
 Card Set container configuration: InlinePtr #cards 5 size 8 Array Of Cards #cards 12 size 40 Howl #buckets 4 coarsen threshold 1843 Howl Bitmap #cards 512 size 80 coarsen threshold 460 Card regions per heap region 1 cards per card region 2048
 CPUs: 4 total, 4 available
 Memory: 8092M
 Large Page Support: Disabled
 NUMA Support: Disabled
 Compressed Oops: Enabled (32-bit)
 Heap Region Size: 1M
 Heap Min Capacity: 8M
 Heap Initial Capacity: 128M
 Heap Max Capacity: 2024M
 Pre-touch: Disabled
 Parallel Workers: 4
 Concurrent Workers: 1
 Concurrent Refinement Workers: 4
 Periodic GC: Disabled

Heap:
 garbage-first heap   total reserved 2072576K, committed 24576K, used 11737K [0x0000000081800000, 0x0000000100000000)
  region size 1024K, 9 young (9216K), 3 survivors (3072K)
 Metaspace       used 22301K, committed 22592K, reserved 1114112K
  class space    used 2364K, committed 2496K, reserved 1048576K

Heap Regions: E=young(eden), S=young(survivor), O=old, HS=humongous(starts), HC=humongous(continues), CS=collection set, F=free, TAMS=top-at-mark-start, PB=parsable bottom
|   0|0x0000000081800000, 0x0000000081900000, 0x0000000081900000|100%| O|  |TAMS 0x0000000081800000| PB 0x0000000081800000| Untracked |  0
|   1|0x0000000081900000, 0x0000000081a00000, 0x0000000081a00000|100%| O|  |TAMS 0x0000000081900000| PB 0x0000000081900000| Untracked |  0
|   2|0x0000000081a00000, 0x0000000081b00000, 0x0000000081b00000|100%| O|  |TAMS 0x0000000081a00000| PB 0x0000000081a00000| Untracked |  0
|   3|0x0000000081b00000, 0x0000000081bfca78, 0x0000000081c00000| 98%| O|  |TAMS 0x0000000081b00000| PB 0x0000000081b00000| Untracked |  0
|   4|0x0000000081c00000, 0x0000000081c00000, 0x0000000081d00000|  0%| F|  |TAMS 0x0000000081c00000| PB 0x0000000081c00000| Untracked |  0
|   5|0x0000000081d00000, 0x0000000081d00000, 0x0000000081e00000|  0%| F|  |TAMS 0x0000000081d00000| PB 0x0000000081d00000| Untracked |  0
|   6|0x0000000081e00000, 0x0000000081e00000, 0x0000000081f00000|  0%| F|  |TAMS 0x0000000081e00000| PB 0x0000000081e00000| Untracked |  0
|   7|0x0000000081f00000, 0x0000000081f00000, 0x0000000082000000|  0%| F|  |TAMS 0x0000000081f00000| PB 0x0000000081f00000| Untracked |  0
|   8|0x0000000082000000, 0x0000000082000000, 0x0000000082100000|  0%| F|  |TAMS 0x0000000082000000| PB 0x0000000082000000| Untracked |  0
|   9|0x0000000082100000, 0x0000000082100000, 0x0000000082200000|  0%| F|  |TAMS 0x0000000082100000| PB 0x0000000082100000| Untracked |  0
|  10|0x0000000082200000, 0x0000000082200000, 0x0000000082300000|  0%| F|  |TAMS 0x0000000082200000| PB 0x0000000082200000| Untracked |  0
|  11|0x0000000082300000, 0x0000000082300000, 0x0000000082400000|  0%| F|  |TAMS 0x0000000082300000| PB 0x0000000082300000| Untracked |  0
|  12|0x0000000082400000, 0x0000000082400000, 0x0000000082500000|  0%| F|  |TAMS 0x0000000082400000| PB 0x0000000082400000| Untracked |  0
|  13|0x0000000082500000, 0x0000000082500000, 0x0000000082600000|  0%| F|  |TAMS 0x0000000082500000| PB 0x0000000082500000| Untracked |  0
|  14|0x0000000082600000, 0x0000000082600000, 0x0000000082700000|  0%| F|  |TAMS 0x0000000082600000| PB 0x0000000082600000| Untracked |  0
|  15|0x0000000082700000, 0x000000008275b488, 0x0000000082800000| 35%| E|  |TAMS 0x0000000082700000| PB 0x0000000082700000| Complete |  0
|  16|0x0000000082800000, 0x0000000082900000, 0x0000000082900000|100%| E|CS|TAMS 0x0000000082800000| PB 0x0000000082800000| Complete |  2
|  17|0x0000000082900000, 0x0000000082a00000, 0x0000000082a00000|100%| E|CS|TAMS 0x0000000082900000| PB 0x0000000082900000| Complete |  0
|  18|0x0000000082a00000, 0x0000000082b00000, 0x0000000082b00000|100%| E|CS|TAMS 0x0000000082a00000| PB 0x0000000082a00000| Complete |  0
|  19|0x0000000082b00000, 0x0000000082c00000, 0x0000000082c00000|100%| E|CS|TAMS 0x0000000082b00000| PB 0x0000000082b00000| Complete |  0
| 115|0x0000000088b00000, 0x0000000088b79a80, 0x0000000088c00000| 47%| S|CS|TAMS 0x0000000088b00000| PB 0x0000000088b00000| Complete |  0
| 116|0x0000000088c00000, 0x0000000088d00000, 0x0000000088d00000|100%| S|CS|TAMS 0x0000000088c00000| PB 0x0000000088c00000| Complete |  0
| 117|0x0000000088d00000, 0x0000000088e00000, 0x0000000088e00000|100%| S|CS|TAMS 0x0000000088d00000| PB 0x0000000088d00000| Complete |  0
| 127|0x0000000089700000, 0x0000000089800000, 0x0000000089800000|100%| E|CS|TAMS 0x0000000089700000| PB 0x0000000089700000| Complete |  0

Card table byte_map: [0x0000013215c50000,0x0000013216050000] _byte_map_base: 0x0000013215844000

Marking Bits: (CMBitMap*) 0x0000013202da9b60
 Bits: [0x0000013216050000, 0x0000013217ff0000)

Polling page: 0x0000013200c90000

Metaspace:

Usage:
  Non-class:     19.47 MB used.
      Class:      2.31 MB used.
       Both:     21.78 MB used.

Virtual space:
  Non-class space:       64.00 MB reserved,      19.62 MB ( 31%) committed,  1 nodes.
      Class space:        1.00 GB reserved,       2.44 MB ( <1%) committed,  1 nodes.
             Both:        1.06 GB reserved,      22.06 MB (  2%) committed. 

Chunk freelists:
   Non-Class:  11.75 MB
       Class:  13.42 MB
        Both:  25.17 MB

MaxMetaspaceSize: unlimited
CompressedClassSpaceSize: 1.00 GB
Initial GC threshold: 21.00 MB
Current GC threshold: 35.31 MB
CDS: off
 - commit_granule_bytes: 65536.
 - commit_granule_words: 8192.
 - virtual_space_node_default_size: 8388608.
 - enlarge_chunks_in_place: 1.
 - use_allocation_guard: 0.


Internal statistics:

num_allocs_failed_limit: 3.
num_arena_births: 240.
num_arena_deaths: 0.
num_vsnodes_births: 2.
num_vsnodes_deaths: 0.
num_space_committed: 353.
num_space_uncommitted: 0.
num_chunks_returned_to_freelist: 3.
num_chunks_taken_from_freelist: 712.
num_chunk_merges: 3.
num_chunk_splits: 429.
num_chunks_enlarged: 272.
num_inconsistent_stats: 0.

CodeHeap 'non-profiled nmethods': size=120000Kb used=668Kb max_used=668Kb free=119331Kb
 bounds [0x000001320e320000, 0x000001320e590000, 0x0000013215850000]
CodeHeap 'profiled nmethods': size=120000Kb used=3488Kb max_used=3488Kb free=116511Kb
 bounds [0x0000013206850000, 0x0000013206bc0000, 0x000001320dd80000]
CodeHeap 'non-nmethods': size=5760Kb used=1415Kb max_used=1434Kb free=4344Kb
 bounds [0x000001320dd80000, 0x000001320dff0000, 0x000001320e320000]
 total_blobs=2432 nmethods=1923 adapters=414
 compilation: enabled
              stopped_count=0, restarted_count=0
 full_count=0

Compilation events (20 events):
Event: 2.739 Thread 0x000001321a582f50 1765       3       java.util.Locale$Cache::createObject (41 bytes)
Event: 2.740 Thread 0x000001321a582f50 nmethod 1765 0x0000013206b53410 code [0x0000013206b53600, 0x0000013206b53d60]
Event: 2.740 Thread 0x000001321a582f50 1761       3       sun.reflect.generics.parser.SignatureParser::parseClassTypeSignatureSuffix (29 bytes)
Event: 2.740 Thread 0x000001321a582f50 nmethod 1761 0x0000013206b53f90 code [0x0000013206b54180, 0x0000013206b544b8]
Event: 2.740 Thread 0x000001321a582f50 1762       3       sun.reflect.generics.tree.ClassTypeSignature::make (9 bytes)
Event: 2.740 Thread 0x000001321a582f50 nmethod 1762 0x0000013206b54610 code [0x0000013206b547c0, 0x0000013206b54a10]
Event: 2.740 Thread 0x000001321a582f50 1763       3       sun.reflect.generics.tree.ClassTypeSignature::<init> (10 bytes)
Event: 2.741 Thread 0x000001321a582f50 nmethod 1763 0x0000013206b54b10 code [0x0000013206b54ca0, 0x0000013206b54e58]
Event: 2.741 Thread 0x000001321a582f50 1766       3       sun.util.locale.LanguageTag::isExtlang (21 bytes)
Event: 2.742 Thread 0x000001321a582f50 nmethod 1766 0x0000013206b54f10 code [0x0000013206b55160, 0x0000013206b55b90]
Event: 2.742 Thread 0x000001321a582f50 1767       3       sun.reflect.generics.reflectiveObjects.ParameterizedTypeImpl::getActualTypeArguments (11 bytes)
Event: 2.742 Thread 0x000001321a582f50 nmethod 1767 0x0000013206b55f90 code [0x0000013206b56140, 0x0000013206b563e0]
Event: 2.742 Thread 0x000001321a582f50 1768       3       sun.util.locale.LanguageTag::isScript (21 bytes)
Event: 2.743 Thread 0x000001321a582f50 nmethod 1768 0x0000013206b56490 code [0x0000013206b566e0, 0x0000013206b57110]
Event: 2.744 Thread 0x000001321a582f50 1769       3       sun.util.locale.LanguageTag::isRegion (36 bytes)
Event: 2.746 Thread 0x000001321a582f50 nmethod 1769 0x0000013206b57510 code [0x0000013206b57800, 0x0000013206b58ad0]
Event: 2.747 Thread 0x000001321a582f50 1770       3       org.springframework.util.ConcurrentReferenceHashMap$SoftEntryReference::get (8 bytes)
Event: 2.747 Thread 0x000001321a582f50 nmethod 1770 0x0000013206b59190 code [0x0000013206b59340, 0x0000013206b59538]
Event: 2.749 Thread 0x000001321a582f50 1771       3       sun.util.locale.BaseLocale::convertOldISOCodes (238 bytes)
Event: 2.750 Thread 0x000001321a582f50 nmethod 1771 0x0000013206b59610 code [0x0000013206b59840, 0x0000013206b59ed8]

GC Heap History (4 events):
Event: 1.440 GC heap before
{Heap before GC invocations=0 (full 0):
 garbage-first heap   total reserved 2072576K, committed 131072K, used 14336K [0x0000000081800000, 0x0000000100000000)
  region size 1024K, 14 young (14336K), 0 survivors (0K)
 Metaspace       used 12727K, committed 12928K, reserved 1114112K
  class space    used 1231K, committed 1280K, reserved 1048576K
}
Event: 1.445 GC heap after
{Heap after GC invocations=1 (full 0):
 garbage-first heap   total reserved 2072576K, committed 131072K, used 3967K [0x0000000081800000, 0x0000000100000000)
  region size 1024K, 2 young (2048K), 2 survivors (2048K)
 Metaspace       used 12727K, committed 12928K, reserved 1114112K
  class space    used 1231K, committed 1280K, reserved 1048576K
}
Event: 2.516 GC heap before
{Heap before GC invocations=1 (full 0):
 garbage-first heap   total reserved 2072576K, committed 131072K, used 20351K [0x0000000081800000, 0x0000000100000000)
  region size 1024K, 19 young (19456K), 2 survivors (2048K)
 Metaspace       used 18224K, committed 18560K, reserved 1114112K
  class space    used 1905K, committed 2048K, reserved 1048576K
}
Event: 2.522 GC heap after
{Heap after GC invocations=2 (full 0):
 garbage-first heap   total reserved 2072576K, committed 131072K, used 5551K [0x0000000081800000, 0x0000000100000000)
  region size 1024K, 2 young (2048K), 2 survivors (2048K)
 Metaspace       used 18224K, committed 18560K, reserved 1114112K
  class space    used 1905K, committed 2048K, reserved 1048576K
}

Dll operation events (7 events):
Event: 0.017 Loaded shared library C:\Users\Ashwin\.p2\pool\plugins\org.eclipse.justj.openjdk.hotspot.jre.full.win32.x86_64_22.0.1.v20240426-1149\jre\bin\java.dll
Event: 0.023 Loaded shared library C:\Users\Ashwin\.p2\pool\plugins\org.eclipse.justj.openjdk.hotspot.jre.full.win32.x86_64_22.0.1.v20240426-1149\jre\bin\zip.dll
Event: 0.168 Loaded shared library C:\Users\Ashwin\.p2\pool\plugins\org.eclipse.justj.openjdk.hotspot.jre.full.win32.x86_64_22.0.1.v20240426-1149\jre\bin\net.dll
Event: 0.170 Loaded shared library C:\Users\Ashwin\.p2\pool\plugins\org.eclipse.justj.openjdk.hotspot.jre.full.win32.x86_64_22.0.1.v20240426-1149\jre\bin\nio.dll
Event: 0.177 Loaded shared library C:\Users\Ashwin\.p2\pool\plugins\org.eclipse.justj.openjdk.hotspot.jre.full.win32.x86_64_22.0.1.v20240426-1149\jre\bin\zip.dll
Event: 0.497 Loaded shared library C:\Users\Ashwin\.p2\pool\plugins\org.eclipse.justj.openjdk.hotspot.jre.full.win32.x86_64_22.0.1.v20240426-1149\jre\bin\jimage.dll
Event: 2.279 Loaded shared library C:\Users\Ashwin\.p2\pool\plugins\org.eclipse.justj.openjdk.hotspot.jre.full.win32.x86_64_22.0.1.v20240426-1149\jre\bin\le.dll

Deoptimization events (20 events):
Event: 2.067 Thread 0x0000013200b43330 DEOPT PACKING pc=0x000001320e38dfd0 sp=0x00000015634fe6f0
Event: 2.067 Thread 0x0000013200b43330 DEOPT UNPACKING pc=0x000001320ddd46a2 sp=0x00000015634fe658 mode 2
Event: 2.067 Thread 0x0000013200b43330 Uncommon trap: trap_request=0xffffffc6 fr.pc=0x000001320e38dfd0 relative=0x0000000000000370
Event: 2.067 Thread 0x0000013200b43330 Uncommon trap: reason=bimorphic_or_optimized_type_check action=maybe_recompile pc=0x000001320e38dfd0 method=java.util.HashMap.getNode(Ljava/lang/Object;)Ljava/util/HashMap$Node; @ 63 c2
Event: 2.067 Thread 0x0000013200b43330 DEOPT PACKING pc=0x000001320e38dfd0 sp=0x00000015634fe6f0
Event: 2.067 Thread 0x0000013200b43330 DEOPT UNPACKING pc=0x000001320ddd46a2 sp=0x00000015634fe658 mode 2
Event: 2.106 Thread 0x0000013200b43330 Uncommon trap: trap_request=0xffffff54 fr.pc=0x000001320e36f2ec relative=0x00000000000015cc
Event: 2.106 Thread 0x0000013200b43330 Uncommon trap: reason=speculate_null_assert action=make_not_entrant pc=0x000001320e36f2ec method=java.util.jar.JarFile.getVersionedEntry(Ljava/lang/String;Ljava/util/jar/JarEntry;)Ljava/util/jar/JarEntry; @ 115 c2
Event: 2.106 Thread 0x0000013200b43330 DEOPT PACKING pc=0x000001320e36f2ec sp=0x00000015634fd6c0
Event: 2.106 Thread 0x0000013200b43330 DEOPT UNPACKING pc=0x000001320ddd46a2 sp=0x00000015634fd628 mode 2
Event: 2.221 Thread 0x0000013200b43330 Uncommon trap: trap_request=0xffffff45 fr.pc=0x000001320e337e50 relative=0x0000000000000050
Event: 2.221 Thread 0x0000013200b43330 Uncommon trap: reason=unstable_if action=reinterpret pc=0x000001320e337e50 method=sun.nio.fs.WindowsPathParser.isSlash(C)Z @ 9 c2
Event: 2.221 Thread 0x0000013200b43330 DEOPT PACKING pc=0x000001320e337e50 sp=0x00000015634fc340
Event: 2.221 Thread 0x0000013200b43330 DEOPT UNPACKING pc=0x000001320ddd46a2 sp=0x00000015634fc2c8 mode 2
Event: 2.226 Thread 0x000001321a66b9c0 DEOPT PACKING pc=0x00000132068babda sp=0x0000001564afd700
Event: 2.226 Thread 0x000001321a66b9c0 DEOPT UNPACKING pc=0x000001320ddd4e42 sp=0x0000001564afcb90 mode 0
Event: 2.682 Thread 0x000001321a66b9c0 Uncommon trap: trap_request=0xffffffc6 fr.pc=0x000001320e37796c relative=0x000000000000038c
Event: 2.682 Thread 0x000001321a66b9c0 Uncommon trap: reason=bimorphic_or_optimized_type_check action=maybe_recompile pc=0x000001320e37796c method=java.util.concurrent.ConcurrentHashMap.get(Ljava/lang/Object;)Ljava/lang/Object; @ 149 c2
Event: 2.682 Thread 0x000001321a66b9c0 DEOPT PACKING pc=0x000001320e37796c sp=0x0000001564afce60
Event: 2.682 Thread 0x000001321a66b9c0 DEOPT UNPACKING pc=0x000001320ddd46a2 sp=0x0000001564afcde0 mode 2

Classes loaded (20 events):
Event: 2.704 Loading class sun/util/locale/provider/CalendarDataUtility$CalendarWeekParameterGetter
Event: 2.704 Loading class sun/util/locale/provider/LocaleServiceProviderPool$LocalizedObjectGetter
Event: 2.704 Loading class sun/util/locale/provider/LocaleServiceProviderPool$LocalizedObjectGetter done
Event: 2.705 Loading class sun/util/locale/provider/CalendarDataUtility$CalendarWeekParameterGetter done
Event: 2.705 Loading class java/util/ResourceBundle$Control
Event: 2.705 Loading class java/util/ResourceBundle$Control done
Event: 2.705 Loading class java/util/ResourceBundle
Event: 2.706 Loading class java/util/ResourceBundle done
Event: 2.706 Loading class java/util/ResourceBundle$Control$CandidateListCache
Event: 2.706 Loading class java/util/ResourceBundle$Control$CandidateListCache done
Event: 2.706 Loading class java/util/ResourceBundle$NoFallbackControl
Event: 2.706 Loading class java/util/ResourceBundle$SingleFormatControl
Event: 2.706 Loading class java/util/ResourceBundle$SingleFormatControl done
Event: 2.706 Loading class java/util/ResourceBundle$NoFallbackControl done
Event: 2.706 Loading class sun/util/cldr/CLDRCalendarDataProviderImpl
Event: 2.706 Loading class sun/util/locale/provider/CalendarDataProviderImpl
Event: 2.706 Loading class sun/util/locale/provider/CalendarDataProviderImpl done
Event: 2.706 Loading class sun/util/cldr/CLDRCalendarDataProviderImpl done
Event: 2.723 Loading class java/lang/Deprecated
Event: 2.723 Loading class java/lang/Deprecated done

Classes unloaded (0 events):
No events

Classes redefined (0 events):
No events

Internal exceptions (20 events):
Event: 2.025 Thread 0x0000013200b43330 Exception <a 'java/lang/NoSuchMethodError'{0x0000000089029ae8}: 'java.lang.Object java.lang.invoke.DirectMethodHandle$Holder.newInvokeSpecial(java.lang.Object, java.lang.Object, java.lang.Object, int, java.lang.Object)'> (0x0000000089029ae8) 
thrown [s\src\hotspot\share\interpreter\linkResolver.cpp, line 774]
Event: 2.028 Thread 0x0000013200b43330 Exception <a 'java/lang/NoSuchMethodError'{0x0000000089043820}: 'java.lang.Object java.lang.invoke.DirectMethodHandle$Holder.newInvokeSpecial(java.lang.Object, int, java.lang.Object)'> (0x0000000089043820) 
thrown [s\src\hotspot\share\interpreter\linkResolver.cpp, line 774]
Event: 2.029 Thread 0x0000013200b43330 Exception <a 'java/lang/NoSuchMethodError'{0x0000000089048390}: 'int java.lang.invoke.DirectMethodHandle$Holder.invokeSpecialIFC(java.lang.Object, java.lang.Object, java.lang.Object, java.lang.Object)'> (0x0000000089048390) 
thrown [s\src\hotspot\share\interpreter\linkResolver.cpp, line 774]
Event: 2.055 Thread 0x0000013200b43330 Exception <a 'java/lang/NoSuchMethodError'{0x0000000088f12e70}: 'void java.lang.invoke.DirectMethodHandle$Holder.invokeInterface(java.lang.Object, java.lang.Object, java.lang.Object)'> (0x0000000088f12e70) 
thrown [s\src\hotspot\share\interpreter\linkResolver.cpp, line 774]
Event: 2.083 Thread 0x0000013200b43330 Exception <a 'java/lang/NoSuchMethodError'{0x0000000088f8b138}: 'void java.lang.invoke.DirectMethodHandle$Holder.invokeStaticInit(java.lang.Object, java.lang.Object, java.lang.Object)'> (0x0000000088f8b138) 
thrown [s\src\hotspot\share\interpreter\linkResolver.cpp, line 774]
Event: 2.089 Thread 0x0000013200b43330 Exception <a 'java/lang/NoSuchMethodError'{0x0000000088fa2290}: 'java.lang.Object java.lang.invoke.DirectMethodHandle$Holder.invokeStatic(java.lang.Object, long, java.lang.Object)'> (0x0000000088fa2290) 
thrown [s\src\hotspot\share\interpreter\linkResolver.cpp, line 774]
Event: 2.090 Thread 0x0000013200b43330 Exception <a 'java/lang/NoSuchMethodError'{0x0000000088fa5918}: 'java.lang.Object java.lang.invoke.DirectMethodHandle$Holder.invokeStaticInit(java.lang.Object, long, java.lang.Object)'> (0x0000000088fa5918) 
thrown [s\src\hotspot\share\interpreter\linkResolver.cpp, line 774]
Event: 2.090 Thread 0x0000013200b43330 Exception <a 'java/lang/NoSuchMethodError'{0x0000000088fab218}: 'java.lang.Object java.lang.invoke.DirectMethodHandle$Holder.newInvokeSpecial(java.lang.Object, long)'> (0x0000000088fab218) 
thrown [s\src\hotspot\share\interpreter\linkResolver.cpp, line 774]
Event: 2.110 Thread 0x0000013200b43330 Exception <a 'java/lang/NoSuchMethodError'{0x0000000088ffc538}: 'void java.lang.invoke.DirectMethodHandle$Holder.invokeVirtual(java.lang.Object, java.lang.Object, java.lang.Object, java.lang.Object)'> (0x0000000088ffc538) 
thrown [s\src\hotspot\share\interpreter\linkResolver.cpp, line 774]
Event: 2.183 Thread 0x0000013200b43330 Exception <a 'java/lang/NoSuchMethodError'{0x0000000088d33170}: 'void java.lang.invoke.DirectMethodHandle$Holder.invokeSpecial(java.lang.Object, java.lang.Object, java.lang.Object)'> (0x0000000088d33170) 
thrown [s\src\hotspot\share\interpreter\linkResolver.cpp, line 774]
Event: 2.192 Thread 0x0000013200b43330 Exception <a 'java/lang/IncompatibleClassChangeError'{0x0000000088d5f448}: Found class java.lang.Object, but interface was expected> (0x0000000088d5f448) 
thrown [s\src\hotspot\share\interpreter\linkResolver.cpp, line 841]
Event: 2.202 Thread 0x000001321a66b9c0 Exception <a 'java/lang/NoClassDefFoundError'{0x0000000088d8c750}: jakarta/validation/Validation> (0x0000000088d8c750) 
thrown [s\src\hotspot\share\classfile\systemDictionary.cpp, line 302]
Event: 2.204 Thread 0x0000013200b43330 Exception <a 'java/lang/NoSuchMethodError'{0x0000000088d74278}: 'java.lang.Object java.lang.invoke.DirectMethodHandle$Holder.invokeStaticInit(java.lang.Object, int)'> (0x0000000088d74278) 
thrown [s\src\hotspot\share\interpreter\linkResolver.cpp, line 774]
Event: 2.206 Thread 0x0000013200b43330 Exception <a 'java/lang/NoSuchMethodError'{0x0000000088d9bb08}: 'java.lang.Object java.lang.invoke.DirectMethodHandle$Holder.invokeStatic(java.lang.Object, int, java.lang.Object)'> (0x0000000088d9bb08) 
thrown [s\src\hotspot\share\interpreter\linkResolver.cpp, line 774]
Event: 2.207 Thread 0x0000013200b43330 Exception <a 'java/lang/NoSuchMethodError'{0x0000000088d9f188}: 'java.lang.Object java.lang.invoke.DirectMethodHandle$Holder.invokeStaticInit(java.lang.Object, int, java.lang.Object)'> (0x0000000088d9f188) 
thrown [s\src\hotspot\share\interpreter\linkResolver.cpp, line 774]
Event: 2.222 Thread 0x0000013200b43330 Exception <a 'sun/nio/fs/WindowsException'{0x0000000088c25540}> (0x0000000088c25540) 
thrown [s\src\hotspot\share\prims\jni.cpp, line 520]
Event: 2.282 Thread 0x0000013200b43330 Exception <a 'jdk/internal/org/jline/terminal/impl/jna/LastErrorException'{0x0000000088cee408}> (0x0000000088cee408) 
thrown [s\src\hotspot\share\prims\jni.cpp, line 520]
Event: 2.282 Thread 0x0000013200b43330 Exception <a 'jdk/internal/org/jline/terminal/impl/jna/LastErrorException'{0x0000000088ceeac8}> (0x0000000088ceeac8) 
thrown [s\src\hotspot\share\prims\jni.cpp, line 520]
Event: 2.282 Thread 0x0000013200b43330 Exception <a 'jdk/internal/org/jline/terminal/impl/jna/LastErrorException'{0x0000000088cef138}> (0x0000000088cef138) 
thrown [s\src\hotspot\share\prims\jni.cpp, line 520]
Event: 2.393 Thread 0x0000013200b43330 Exception <a 'java/lang/NoSuchMethodError'{0x00000000887a80f8}: 'int java.lang.invoke.DirectMethodHandle$Holder.invokeVirtual(java.lang.Object, java.lang.Object)'> (0x00000000887a80f8) 
thrown [s\src\hotspot\share\interpreter\linkResolver.cpp, line 774]

ZGC Phase Switch (0 events):
No events

VM Operations (20 events):
Event: 1.180 Executing VM operation: HandshakeAllThreads (Deoptimize)
Event: 1.180 Executing VM operation: HandshakeAllThreads (Deoptimize) done
Event: 1.180 Executing VM operation: Cleanup
Event: 1.180 Executing VM operation: Cleanup done
Event: 1.180 Executing VM operation: HandshakeAllThreads (Deoptimize)
Event: 1.180 Executing VM operation: HandshakeAllThreads (Deoptimize) done
Event: 1.440 Executing VM operation: G1CollectForAllocation (G1 Evacuation Pause)
Event: 1.445 Executing VM operation: G1CollectForAllocation (G1 Evacuation Pause) done
Event: 1.460 Executing VM operation: HandshakeAllThreads (Deoptimize)
Event: 1.460 Executing VM operation: HandshakeAllThreads (Deoptimize) done
Event: 2.174 Executing VM operation: HandshakeAllThreads (Deoptimize)
Event: 2.174 Executing VM operation: HandshakeAllThreads (Deoptimize) done
Event: 2.179 Executing VM operation: HandshakeAllThreads (Deoptimize)
Event: 2.179 Executing VM operation: HandshakeAllThreads (Deoptimize) done
Event: 2.208 Executing VM operation: HandshakeAllThreads (Deoptimize)
Event: 2.208 Executing VM operation: HandshakeAllThreads (Deoptimize) done
Event: 2.360 Executing VM operation: ICBufferFull
Event: 2.360 Executing VM operation: ICBufferFull done
Event: 2.516 Executing VM operation: G1CollectForAllocation (G1 Evacuation Pause)
Event: 2.523 Executing VM operation: G1CollectForAllocation (G1 Evacuation Pause) done

Events (14 events):
Event: 0.022 Thread 0x0000013200b43330 Thread added: 0x0000013200b43330
Event: 0.088 Thread 0x000001321a550010 Thread added: 0x000001321a550010
Event: 0.088 Thread 0x000001321a550e30 Thread added: 0x000001321a550e30
Event: 0.089 Thread 0x000001321a5a5df0 Thread added: 0x000001321a5a5df0
Event: 0.089 Thread 0x000001321a5a7470 Thread added: 0x000001321a5a7470
Event: 0.089 Thread 0x000001321a5a86f0 Thread added: 0x000001321a5a86f0
Event: 0.089 Thread 0x000001321a570da0 Thread added: 0x000001321a570da0
Event: 0.089 Thread 0x000001321a5824a0 Thread added: 0x000001321a5824a0
Event: 0.089 Thread 0x000001321a582f50 Thread added: 0x000001321a582f50
Event: 0.150 Thread 0x000001321a66c6e0 Thread added: 0x000001321a66c6e0
Event: 0.155 Thread 0x000001321a66cd70 Thread added: 0x000001321a66cd70
Event: 2.037 Thread 0x000001321f9432e0 Thread added: 0x000001321f9432e0
Event: 2.189 Thread 0x000001321a66b9c0 Thread added: 0x000001321a66b9c0
Event: 2.628 Thread 0x000001321f9432e0 Thread exited: 0x000001321f9432e0


Dynamic libraries:
0x00007ff6eb340000 - 0x00007ff6eb34e000 	C:\Users\Ashwin\.p2\pool\plugins\org.eclipse.justj.openjdk.hotspot.jre.full.win32.x86_64_22.0.1.v20240426-1149\jre\bin\javaw.exe
0x00007ff9e5090000 - 0x00007ff9e5288000 	C:\Windows\SYSTEM32\ntdll.dll
0x00007ff9e32f0000 - 0x00007ff9e33b2000 	C:\Windows\System32\KERNEL32.DLL
0x00007ff9e27d0000 - 0x00007ff9e2acf000 	C:\Windows\System32\KERNELBASE.dll
0x00007ff9e2ba0000 - 0x00007ff9e2ca0000 	C:\Windows\System32\ucrtbase.dll
0x00007ff9db480000 - 0x00007ff9db497000 	C:\Users\Ashwin\.p2\pool\plugins\org.eclipse.justj.openjdk.hotspot.jre.full.win32.x86_64_22.0.1.v20240426-1149\jre\bin\jli.dll
0x00007ff9da380000 - 0x00007ff9da39b000 	C:\Users\Ashwin\.p2\pool\plugins\org.eclipse.justj.openjdk.hotspot.jre.full.win32.x86_64_22.0.1.v20240426-1149\jre\bin\VCRUNTIME140.dll
0x00007ff9e37d0000 - 0x00007ff9e396d000 	C:\Windows\System32\USER32.dll
0x00007ff9d0170000 - 0x00007ff9d040a000 	C:\Windows\WinSxS\amd64_microsoft.windows.common-controls_6595b64144ccf1df_6.0.19041.4355_none_60b8b9eb71f62e16\COMCTL32.dll
0x00007ff9e2ad0000 - 0x00007ff9e2af2000 	C:\Windows\System32\win32u.dll
0x00007ff9e4060000 - 0x00007ff9e40fe000 	C:\Windows\System32\msvcrt.dll
0x00007ff9e34a0000 - 0x00007ff9e34cb000 	C:\Windows\System32\GDI32.dll
0x00007ff9e2e00000 - 0x00007ff9e2f1a000 	C:\Windows\System32\gdi32full.dll
0x00007ff9e2b00000 - 0x00007ff9e2b9d000 	C:\Windows\System32\msvcp_win.dll
0x00007ff9e32c0000 - 0x00007ff9e32ef000 	C:\Windows\System32\IMM32.DLL
0x00007ff9dafc0000 - 0x00007ff9dafcc000 	C:\Users\Ashwin\.p2\pool\plugins\org.eclipse.justj.openjdk.hotspot.jre.full.win32.x86_64_22.0.1.v20240426-1149\jre\bin\vcruntime140_1.dll
0x00007ff9b1e60000 - 0x00007ff9b1eee000 	C:\Users\Ashwin\.p2\pool\plugins\org.eclipse.justj.openjdk.hotspot.jre.full.win32.x86_64_22.0.1.v20240426-1149\jre\bin\msvcp140.dll
0x00007ff99ed70000 - 0x00007ff99fb32000 	C:\Users\Ashwin\.p2\pool\plugins\org.eclipse.justj.openjdk.hotspot.jre.full.win32.x86_64_22.0.1.v20240426-1149\jre\bin\server\jvm.dll
0x00007ff9e4550000 - 0x00007ff9e45ff000 	C:\Windows\System32\ADVAPI32.dll
0x00007ff9e4fb0000 - 0x00007ff9e504f000 	C:\Windows\System32\sechost.dll
0x00007ff9e46b0000 - 0x00007ff9e47d3000 	C:\Windows\System32\RPCRT4.dll
0x00007ff9e2730000 - 0x00007ff9e2757000 	C:\Windows\System32\bcrypt.dll
0x00007ff9e3aa0000 - 0x00007ff9e3b0b000 	C:\Windows\System32\WS2_32.dll
0x00007ff9e1ee0000 - 0x00007ff9e1f2b000 	C:\Windows\SYSTEM32\POWRPROF.dll
0x00007ff9d9c70000 - 0x00007ff9d9c7a000 	C:\Windows\SYSTEM32\VERSION.dll
0x00007ff9cfcf0000 - 0x00007ff9cfd17000 	C:\Windows\SYSTEM32\WINMM.dll
0x00007ff9e1ec0000 - 0x00007ff9e1ed2000 	C:\Windows\SYSTEM32\UMPDC.dll
0x00007ff9e05b0000 - 0x00007ff9e05c2000 	C:\Windows\SYSTEM32\kernel.appcore.dll
0x00007ff9de210000 - 0x00007ff9de21a000 	C:\Users\Ashwin\.p2\pool\plugins\org.eclipse.justj.openjdk.hotspot.jre.full.win32.x86_64_22.0.1.v20240426-1149\jre\bin\jimage.dll
0x00007ff9db1b0000 - 0x00007ff9db394000 	C:\Windows\SYSTEM32\DBGHELP.DLL
0x00007ff9d8340000 - 0x00007ff9d8374000 	C:\Windows\SYSTEM32\dbgcore.DLL
0x00007ff9e2fd0000 - 0x00007ff9e3052000 	C:\Windows\System32\bcryptPrimitives.dll
0x00007ff9d6b90000 - 0x00007ff9d6bae000 	C:\Users\Ashwin\.p2\pool\plugins\org.eclipse.justj.openjdk.hotspot.jre.full.win32.x86_64_22.0.1.v20240426-1149\jre\bin\java.dll
0x00007ff9e47e0000 - 0x00007ff9e4f4d000 	C:\Windows\System32\SHELL32.dll
0x00007ff9e3970000 - 0x00007ff9e3a9b000 	C:\Windows\System32\ole32.dll
0x00007ff9e4190000 - 0x00007ff9e44e5000 	C:\Windows\System32\combase.dll
0x00007ff9d11d0000 - 0x00007ff9d11e7000 	C:\Users\Ashwin\.p2\pool\plugins\org.eclipse.justj.openjdk.hotspot.jre.full.win32.x86_64_22.0.1.v20240426-1149\jre\bin\zip.dll
0x00007ff9e07b0000 - 0x00007ff9e0f54000 	C:\Windows\SYSTEM32\windows.storage.dll
0x00007ff9e2160000 - 0x00007ff9e218f000 	C:\Windows\SYSTEM32\Wldp.dll
0x00007ff9e3f90000 - 0x00007ff9e405d000 	C:\Windows\System32\OLEAUT32.dll
0x00007ff9e33e0000 - 0x00007ff9e348d000 	C:\Windows\System32\SHCORE.dll
0x00007ff9e3680000 - 0x00007ff9e36d5000 	C:\Windows\System32\shlwapi.dll
0x00007ff9e2660000 - 0x00007ff9e2684000 	C:\Windows\SYSTEM32\profapi.dll
0x00007ff9dc840000 - 0x00007ff9dc850000 	C:\Users\Ashwin\.p2\pool\plugins\org.eclipse.justj.openjdk.hotspot.jre.full.win32.x86_64_22.0.1.v20240426-1149\jre\bin\net.dll
0x00007ff9e1e50000 - 0x00007ff9e1ebc000 	C:\Windows\system32\mswsock.dll
0x00007ff9d0850000 - 0x00007ff9d0866000 	C:\Users\Ashwin\.p2\pool\plugins\org.eclipse.justj.openjdk.hotspot.jre.full.win32.x86_64_22.0.1.v20240426-1149\jre\bin\nio.dll
0x00007ff9daf50000 - 0x00007ff9daf5b000 	C:\Users\Ashwin\.p2\pool\plugins\org.eclipse.justj.openjdk.hotspot.jre.full.win32.x86_64_22.0.1.v20240426-1149\jre\bin\le.dll

dbghelp: loaded successfully - version: 4.0.5 - missing functions: none
symbol engine: initialized successfully - sym options: 0x614 - pdb path: .;C:\Users\Ashwin\.p2\pool\plugins\org.eclipse.justj.openjdk.hotspot.jre.full.win32.x86_64_22.0.1.v20240426-1149\jre\bin;C:\Windows\SYSTEM32;C:\Windows\WinSxS\amd64_microsoft.windows.common-controls_6595b64144ccf1df_6.0.19041.4355_none_60b8b9eb71f62e16;C:\Users\Ashwin\.p2\pool\plugins\org.eclipse.justj.openjdk.hotspot.jre.full.win32.x86_64_22.0.1.v20240426-1149\jre\bin\server

VM Arguments:
jvm_args: -Dfile.encoding=UTF-8 -Dstdout.encoding=UTF-8 -Dstderr.encoding=UTF-8 -XX:+ShowCodeDetailsInExceptionMessages 
java_command: com.DemoTest
java_class_path (initial): D:\Sprongboot\SpringbootSimpleApp\target\classes;C:\Users\Ashwin\.m2\repository\org\springframework\boot\spring-boot-starter-web\3.3.0\spring-boot-starter-web-3.3.0.jar;C:\Users\Ashwin\.m2\repository\org\springframework\boot\spring-boot-starter\3.3.0\spring-boot-starter-3.3.0.jar;C:\Users\Ashwin\.m2\repository\org\springframework\boot\spring-boot\3.3.0\spring-boot-3.3.0.jar;C:\Users\Ashwin\.m2\repository\org\springframework\boot\spring-boot-autoconfigure\3.3.0\spring-boot-autoconfigure-3.3.0.jar;C:\Users\Ashwin\.m2\repository\org\springframework\boot\spring-boot-starter-logging\3.3.0\spring-boot-starter-logging-3.3.0.jar;C:\Users\Ashwin\.m2\repository\ch\qos\logback\logback-classic\1.5.6\logback-classic-1.5.6.jar;C:\Users\Ashwin\.m2\repository\ch\qos\logback\logback-core\1.5.6\logback-core-1.5.6.jar;C:\Users\Ashwin\.m2\repository\org\apache\logging\log4j\log4j-to-slf4j\2.23.1\log4j-to-slf4j-2.23.1.jar;C:\Users\Ashwin\.m2\repository\org\apache\logging\log4j\log4j-api\2.23.1\log4j-api-2.23.1.jar;C:\Users\Ashwin\.m2\repository\org\slf4j\jul-to-slf4j\2.0.13\jul-to-slf4j-2.0.13.jar;C:\Users\Ashwin\.m2\repository\jakarta\annotation\jakarta.annotation-api\2.1.1\jakarta.annotation-api-2.1.1.jar;C:\Users\Ashwin\.m2\repository\org\springframework\spring-core\6.1.8\spring-core-6.1.8.jar;C:\Users\Ashwin\.m2\repository\org\springframework\spring-jcl\6.1.8\spring-jcl-6.1.8.jar;C:\Users\Ashwin\.m2\repository\org\yaml\snakeyaml\2.2\snakeyaml-2.2.jar;C:\Users\Ashwin\.m2\repository\org\springframework\boot\spring-boot-starter-json\3.3.0\spring-boot-starter-json-3.3.0.jar;C:\Users\Ashwin\.m2\repository\com\fasterxml\jackson\core\jackson-databind\2.17.1\jackson-databind-2.17.1.jar;C:\Users\Ashwin\.m2\repository\com\fasterxml\jackson\core\jackson-annotations\2.17.1\jackson-annotations-2.17.1.jar;C:\Users\Ashwin\.m2\repository\com\fasterxml\jackson\core\jackson-core\2.17.1\jackson-core-2.17.1.jar;C:\Users\Ashwin\.m2\repository\com\fasterxml\jackson\datatype\jackson-datatype-jdk8\2.17.1\jackson-datatype-jdk8-2.17.1.jar;C:\Users\Ashwin\.m2\repository\com\fasterxml\jackson\datatype\jackson-datatype-jsr310\2.17.1\jackson-datatype-jsr310-2.17.1.jar;C:\Users\Ashwin\.m2\repository\com\fasterxml\jackson\module\jackson-module-parameter-names\2.17.1\jackson-module-parameter-names-2.17.1.jar;C:\Users\Ashwin\.m2\repository\org\springframework\boot\spring-boot-starter-tomcat\3.3.0\spring-boot-starter-tomcat-3.3.0.jar;C:\Users\Ashwin\.m2\repository\org\apache\tomcat\embed\tomcat-embed-core\10.1.24\tomcat-embed-core-10.1.24.jar;C:\Users\Ashwin\.m2\repository\org\apache\tomcat\embed\tomcat-embed-el\10.1.24\tomcat-embed-el-10.1.24.jar;C:\Users\Ashwin\.m2\repository\org\apache\tomcat\embed\tomcat-embed-websocket\10.1.24\tomcat-embed-websocket-10.1.24.jar;C:\Users\Ashwin\.m2\repository\org\springframework\spring-web\6.1.8\spring-web-6.1.8.jar;C:\Users\Ashwin\.m2\repository\org\springframework\spring-beans\6.1.8\spring-beans-6.1.8.jar;C:\Users\Ashwin\.m2\repository\io\micrometer\micrometer-observation\1.12.6\micrometer-observation-1.12.6.jar;C:\Users\Ashwin\.m2\repository\io\micrometer\micrometer-commons\1.12.6\micrometer-commons-1.12.6.jar;C:\Users\Ashwin\.m2\repository\org\springframework\spring-webmvc\6.1.8\spring-webmvc-6.1.8.jar;C:\Users\Ashwin\.m2\repository\org\springframework\spring-aop\6.1.8\spring-aop-6.1.8.jar;C:\Users\Ashwin\.m2\repository\org\springframework\spring-context\6.1.8\spring-context-6.1.8.jar;C:\Users\Ashwin\.m2\repository\org\springframework\spring-expression\6.1.8\spring-expression-6.1.8.jar;C:\Users\Ashwin\.m2\repository\org\springframework\boot\spring-boot-starter-thymeleaf\3.3.0\spring-boot-starter-thymeleaf-3.3.0.jar;C:\Users\Ashwin\.m2\repository\org\thymeleaf\thymeleaf-spring6\3.1.2.RELEASE\thymeleaf-spring6-3.1.2.RELEASE.jar;C:\Users\Ashwin\.m2\repository\org\thymeleaf\thymeleaf\3.1.2.RELEASE\thymeleaf-3.1.2.RELEASE.jar;C:\Users\Ashwin\.m2\repository\org\attoparser\attoparser\2.0.7.RELEASE\attoparser-2.0.7.RELEASE.jar;C:\Users\Ashwin\.m2\repository\org\unbescape\unbescape\1.1.6.RELEASE\unbescape-1.1.6.RELEASE.jar;C:\Users\Ashwin\.m2\repository\org\slf4j\slf4j-api\2.0.7\slf4j-api-2.0.7.jar;C:\Users\Ashwin\.m2\repository\org\springframework\boot\spring-boot-starter-jdbc\3.3.0\spring-boot-starter-jdbc-3.3.0.jar;C:\Users\Ashwin\.m2\repository\com\zaxxer\HikariCP\5.1.0\HikariCP-5.1.0.jar;C:\Users\Ashwin\.m2\repository\org\springframework\spring-jdbc\6.1.8\spring-jdbc-6.1.8.jar;C:\Users\Ashwin\.m2\repository\org\springframework\spring-tx\6.1.8\spring-tx-6.1.8.jar;C:\Users\Ashwin\.m2\repository\com\h2database\h2\2.2.222\h2-2.2.222.jar
Launcher Type: SUN_STANDARD

[Global flags]
     intx CICompilerCount                          = 3                                         {product} {ergonomic}
     uint ConcGCThreads                            = 1                                         {product} {ergonomic}
     uint G1ConcRefinementThreads                  = 4                                         {product} {ergonomic}
   size_t G1HeapRegionSize                         = 1048576                                   {product} {ergonomic}
   size_t InitialHeapSize                          = 134217728                                 {product} {ergonomic}
   size_t MarkStackSize                            = 4194304                                   {product} {ergonomic}
   size_t MaxHeapSize                              = 2122317824                                {product} {ergonomic}
   size_t MaxNewSize                               = 1272971264                                {product} {ergonomic}
   size_t MinHeapDeltaBytes                        = 1048576                                   {product} {ergonomic}
   size_t MinHeapSize                              = 8388608                                   {product} {ergonomic}
    uintx NonNMethodCodeHeapSize                   = 5832780                                {pd product} {ergonomic}
    uintx NonProfiledCodeHeapSize                  = 122912730                              {pd product} {ergonomic}
    uintx ProfiledCodeHeapSize                     = 122912730                              {pd product} {ergonomic}
    uintx ReservedCodeCacheSize                    = 251658240                              {pd product} {ergonomic}
     bool SegmentedCodeCache                       = true                                      {product} {ergonomic}
     bool ShowCodeDetailsInExceptionMessages       = true                                   {manageable} {command line}
   size_t SoftMaxHeapSize                          = 2122317824                             {manageable} {ergonomic}
     bool UseCompressedOops                        = true                           {product lp64_product} {ergonomic}
     bool UseG1GC                                  = true                                      {product} {ergonomic}
     bool UseLargePagesIndividualAllocation        = false                                  {pd product} {ergonomic}

Logging:
Log output configuration:
 #0: stdout all=warning uptime,level,tags foldmultilines=false
 #1: stderr all=off uptime,level,tags foldmultilines=false

Environment Variables:
JAVA_HOME=C:\Program Files\Java\jdk-22
PATH=C:/Users/Ashwin/.p2/pool/plugins/org.eclipse.justj.openjdk.hotspot.jre.full.win32.x86_64_22.0.1.v20240426-1149/jre/bin/server;C:/Users/Ashwin/.p2/pool/plugins/org.eclipse.justj.openjdk.hotspot.jre.full.win32.x86_64_22.0.1.v20240426-1149/jre/bin;C:\Program Files\Common Files\Oracle\Java\javapath;C:\Windows\system32;C:\Windows;C:\Windows\System32\Wbem;C:\Windows\System32\WindowsPowerShell\v1.0\;C:\Windows\System32\OpenSSH\;C:\Program Files\nodejs\;C:\Program Files\Java\jdk-22\bin;C:\Program Files\Git\cmd;C:\Users\Ashwin\AppData\Local\Microsoft\WindowsApps;C:\Users\Ashwin\AppData\Roaming\npm;C:\Users\Ashwin\AppData\Local\Programs\Microsoft VS Code\bin;C:\Program Files\MySQL\MySQL Server 8.0\bin;C:\Users\Ashwin\eclipse\java-2024-06\eclipse;
USERNAME=Ashwin
OS=Windows_NT
PROCESSOR_IDENTIFIER=Intel64 Family 6 Model 142 Stepping 9, GenuineIntel
TMP=C:\Users\Ashwin\AppData\Local\Temp
TEMP=C:\Users\Ashwin\AppData\Local\Temp




Periodic native trim disabled

---------------  S Y S T E M  ---------------

OS:
 Windows 10 , 64 bit Build 19041 (10.0.19041.5438)
OS uptime: 8 days 20:04 hours

CPU: total 4 (initial active 4) (2 cores per cpu, 2 threads per core) family 6 model 142 stepping 9 microcode 0xb4, cx8, cmov, fxsr, ht, mmx, 3dnowpref, sse, sse2, sse3, ssse3, sse4.1, sse4.2, popcnt, lzcnt, tsc, tscinvbit, avx, avx2, aes, erms, clmul, bmi1, bmi2, adx, fma, vzeroupper, clflush, clflushopt, rdtscp, f16c
Processor Information for all 4 processors :
  Max Mhz: 2701, Current Mhz: 2701, Mhz Limit: 2701

Memory: 4k page, system-wide physical 8092M (770M free)
TotalPageFile size 8092M (AvailPageFile size 101M)
current process WorkingSet (physical memory assigned to process): 87M, peak: 94M
current process commit charge ("private bytes"): 124M, peak: 226M

vm_info: OpenJDK 64-Bit Server VM (22.0.1+8) for windows-amd64 JRE (22.0.1+8), built on 2024-04-16T00:00:00Z by "admin" with MS VC++ 17.7 (VS2022)

END.
