#
# There is insufficient memory for the Java Runtime Environment to continue.
# Native memory allocation (mmap) failed to map 65536 bytes. Error detail: Failed to commit metaspace.
# Possible reasons:
#   The system is out of physical RAM or swap space
#   This process is running with CompressedOops enabled, and the Java Heap may be blocking the growth of the native heap
# Possible solutions:
#   Reduce memory load on the system
#   Increase physical memory or swap space
#   Check if swap backing store is full
#   Decrease Java heap size (-Xmx/-Xms)
#   Decrease number of Java threads
#   Decrease Java thread stack sizes (-Xss)
#   Set larger code cache with -XX:ReservedCodeCacheSize=
#   JVM is running with Unscaled Compressed Oops mode in which the Java heap is
#     placed in the first 4GB address space. The Java Heap base address is the
#     maximum limit for the native heap growth. Please use -XX:HeapBaseMinAddress
#     to set the Java Heap base and to place the Java Heap above 4GB virtual address.
# This output file may be truncated or incomplete.
#
#  Out of Memory Error (virtualSpaceNode.cpp:112), pid=2356, tid=9576
#
# JRE version: OpenJDK Runtime Environment Temurin-22.0.1+8 (22.0.1+8) (build 22.0.1+8)
# Java VM: OpenJDK 64-Bit Server VM Temurin-22.0.1+8 (22.0.1+8, mixed mode, tiered, compressed oops, compressed class ptrs, g1 gc, windows-amd64)
# No core dump will be written. Minidumps are not enabled by default on client versions of Windows
#

---------------  S U M M A R Y ------------

Command Line: -Dfile.encoding=UTF-8 -Dstdout.encoding=UTF-8 -Dstderr.encoding=UTF-8 -XX:+ShowCodeDetailsInExceptionMessages com.DemoTest

Host: Intel(R) Core(TM) i5-7200U CPU @ 2.50GHz, 4 cores, 7G,  Windows 10 , 64 bit Build 19041 (10.0.19041.5438)
Time: Sun Feb 23 20:38:59 2025 India Standard Time elapsed time: 1.281681 seconds (0d 0h 0m 1s)

---------------  T H R E A D  ---------------

Current thread (0x000002265acc1d10):  JavaThread "background-preinit"        [_thread_in_vm, id=9576, stack(0x000000c9d1700000,0x000000c9d1800000) (1024K)]

Stack: [0x000000c9d1700000,0x000000c9d1800000]
Native frames: (J=compiled Java code, j=interpreted, Vv=VM code, C=native code)
V  [jvm.dll+0x6ea239]  (no source info available)
V  [jvm.dll+0x8ccf93]  (no source info available)
V  [jvm.dll+0x8cf3be]  (no source info available)
V  [jvm.dll+0x8cfa93]  (no source info available)
V  [jvm.dll+0x286ea6]  (no source info available)
V  [jvm.dll+0x8c8d2e]  (no source info available)
V  [jvm.dll+0x68bda5]  (no source info available)
V  [jvm.dll+0x68be0a]  (no source info available)
V  [jvm.dll+0x68e627]  (no source info available)
V  [jvm.dll+0x22b47c]  (no source info available)
V  [jvm.dll+0x68c7be]  (no source info available)
V  [jvm.dll+0x69d989]  (no source info available)
V  [jvm.dll+0x696b9e]  (no source info available)
V  [jvm.dll+0x3e0c31]  (no source info available)
C  0x00000226492fbd4a  (no source info available)

The last pc belongs to method entry point (kind = zerolocals) (printed below).
Java frames: (J=compiled Java code, j=interpreted, Vv=VM code)
j  sun.util.locale.provider.CalendarDataUtility.retrieveFirstDayOfWeek(Ljava/util/Locale;)I+0 java.base@22.0.1
j  java.util.Calendar.setWeekCountData(Ljava/util/Locale;)V+24 java.base@22.0.1
j  java.util.Calendar.<init>(Ljava/util/TimeZone;Ljava/util/Locale;)V+55 java.base@22.0.1
j  java.util.GregorianCalendar.<init>(Ljava/util/TimeZone;Ljava/util/Locale;Z)V+3 java.base@22.0.1
j  java.util.Calendar$Builder.build()Ljava/util/Calendar;+249 java.base@22.0.1
j  sun.util.locale.provider.CalendarProviderImpl.getInstance(Ljava/util/TimeZone;Ljava/util/Locale;)Ljava/util/Calendar;+21 java.base@22.0.1
j  java.util.Calendar.createCalendar(Ljava/util/TimeZone;Ljava/util/Locale;)Ljava/util/Calendar;+17 java.base@22.0.1
j  java.util.Calendar.getInstance(Ljava/util/Locale;)Ljava/util/Calendar;+5 java.base@22.0.1
j  java.text.SimpleDateFormat.initializeCalendar(Ljava/util/Locale;)V+27 java.base@22.0.1
j  java.text.SimpleDateFormat.<init>(Ljava/lang/String;Ljava/util/Locale;)V+43 java.base@22.0.1
j  com.fasterxml.jackson.databind.util.StdDateFormat.<clinit>()V+83
v  ~StubRoutines::call_stub 0x00000226492f100d
j  com.fasterxml.jackson.databind.ObjectMapper.<clinit>()V+23
v  ~StubRoutines::call_stub 0x00000226492f100d
j  org.springframework.http.converter.json.Jackson2ObjectMapperBuilder.build()Lcom/fasterxml/jackson/databind/ObjectMapper;+77
j  org.springframework.http.converter.json.MappingJackson2HttpMessageConverter.<init>()V+4
j  org.springframework.http.converter.support.AllEncompassingFormHttpMessageConverter.<init>()V+55
j  org.springframework.boot.autoconfigure.BackgroundPreinitializer$MessageConverterInitializer.run()V+4
j  org.springframework.boot.autoconfigure.BackgroundPreinitializer$1.runSafely(Ljava/lang/Runnable;)Z+1
j  org.springframework.boot.autoconfigure.BackgroundPreinitializer$1.run()V+32
j  java.lang.Thread.runWith(Ljava/lang/Object;Ljava/lang/Runnable;)V+5 java.base@22.0.1
j  java.lang.Thread.run()V+19 java.base@22.0.1
v  ~StubRoutines::call_stub 0x00000226492f100d
method entry point (kind = zerolocals)  [0x00000226492fbb80, 0x00000226492fbf38]  952 bytes
[MachCode]
  0x00000226492fbb80: 488b 5308 | 0fb7 4a2e | 0fb7 522c | 2bd1 81fa | f501 0000 | 0f86 2500 | 0000 488b | c248 c1e0 
  0x00000226492fbba0: 0348 83c0 | 5849 0387 | d804 0000 | 483b e00f | 870a 0000 | 0058 498b | e550 e9c1 | aaff ff58 
  0x00000226492fbbc0: 4c8d 74cc | f885 d20f | 8e09 0000 | 0068 0000 | 0000 ffca | 7ff7 5055 | 488b ec41 | 5568 0000 
  0x00000226492fbbe0: 0000 4c8b | 6b08 4d8d | 6d38 5348 | 8b53 0848 | 8b52 0848 | 8b52 1848 | 8b52 7048 | 8b12 5248 
  0x00000226492fbc00: 8b53 1048 | 85d2 0f84 | 0700 0000 | 4881 c210 | 0100 0052 | 488b 5308 | 488b 5208 | 488b 5210 
  0x00000226492fbc20: 5249 8bc6 | 482b c548 | c1e8 0350 | 4155 68f7 | ffff ff41 | c687 8104 | 0000 0148 | 8b45 d848 
  0x00000226492fbc40: 85c0 0f84 | 8400 0000 | 8b48 f485 | c90f 8879 | 0000 0048 | 03c1 488b | 4808 4883 | e902 488b 
  0x00000226492fbc60: 54c8 1048 | f7da 498b | 14d6 4885 | d275 10f6 | 44c8 1801 | 7550 f048 | 834c c818 | 01eb 478b 
  0x00000226492fbc80: 5208 4c8b | d248 3354 | c818 48f7 | c2fc ffff | ff74 33f6 | c202 752e | 4883 7cc8 | 1800 7421 
  0x00000226492fbca0: 4883 7cc8 | 1801 7419 | 498b d248 | 3354 c818 | 48f7 c2fc | ffff ff74 | 0d48 834c | c818 02eb 
  0x00000226492fbcc0: 0548 8954 | c818 4883 | e902 7992 | 488b 4310 | 4885 c074 | 208b 88cc | 0000 0083 | c102 8988 
  0x00000226492fbce0: cc00 0000 | 2388 e000 | 0000 0f84 | 9601 0000 | e9cf 0000 | 0048 8b43 | 1848 85c0 | 0f85 b000 
  0x00000226492fbd00: 0000 e805 | 0000 00e9 | 9900 0000 | 488b d348 | 8d44 2408 | 4c89 6dc0 | 498b cfc5 | f877 4989 
  0x00000226492fbd20: afb0 0300 | 0049 8987 | a003 0000 | 4883 ec20 | 40f6 c40f | 0f84 1900 | 0000 4883 | ec08 48b8 
  0x00000226492fbd40: 100c 159f | f97f 0000 | ffd0 4883 | c408 e90c | 0000 0048 | b810 0c15 | 9ff9 7f00 | 00ff d048 
  0x00000226492fbd60: 83c4 2049 | c787 a003 | 0000 0000 | 0000 49c7 | 87b0 0300 | 0000 0000 | 0049 c787 | a803 0000 
  0x00000226492fbd80: 0000 0000 | c5f8 7749 | 837f 0800 | 0f84 0500 | 0000 e969 | 51ff ff4c | 8b6d c04c | 8b75 c84e 
  0x00000226492fbda0: 8d74 f500 | c348 8b43 | 1848 85c0 | 0f84 1200 | 0000 8b48 | 0883 c102 | 8948 0823 | 481c 0f84 
  0x00000226492fbdc0: c200 0000 | 493b a7f0 | 0400 000f | 8748 0000 | 0089 8424 | 00f0 ffff | 8984 2400 | e0ff ff89 
  0x00000226492fbde0: 8424 00d0 | ffff 8984 | 2400 c0ff | ff89 8424 | 00b0 ffff | 8984 2400 | a0ff ff89 | 8424 0090 
  0x00000226492fbe00: ffff 8984 | 2400 80ff | ff49 3ba7 | e804 0000 | 7607 4989 | a7f0 0400 | 0041 c687 | 8104 0000 
  0x00000226492fbe20: 0049 ba47 | 74a2 9ff9 | 7f00 0041 | 803a 000f | 843e 0000 | 0048 8b55 | e849 8bcf | 4883 ec20 
  0x00000226492fbe40: 40f6 c40f | 0f84 1900 | 0000 4883 | ec08 48b8 | 1042 4c9f | f97f 0000 | ffd0 4883 | c408 e90c 
  0x00000226492fbe60: 0000 0048 | b810 424c | 9ff9 7f00 | 00ff d048 | 83c4 2041 | 0fb6 5d00 | 49ba 7046 | a69f f97f 
  0x00000226492fbe80: 0000 41ff | 24da ba00 | 0000 00e8 | 0500 0000 | e996 0000 | 0048 8d44 | 2408 4c89 | 6dc0 498b 
  0x00000226492fbea0: cfc5 f877 | 4989 afb0 | 0300 0049 | 8987 a003 | 0000 4883 | ec20 40f6 | c40f 0f84 | 1900 0000 
  0x00000226492fbec0: 4883 ec08 | 48b8 f016 | 159f f97f | 0000 ffd0 | 4883 c408 | e90c 0000 | 0048 b8f0 | 1615 9ff9 
  0x00000226492fbee0: 7f00 00ff | d048 83c4 | 2049 c787 | a003 0000 | 0000 0000 | 49c7 87b0 | 0300 0000 | 0000 0049 
  0x00000226492fbf00: c787 a803 | 0000 0000 | 0000 c5f8 | 7749 837f | 0800 0f84 | 0500 0000 | e9e3 4fff | ff4c 8b6d 
  0x00000226492fbf20: c04c 8b75 | c84e 8d74 | f500 c348 | 8b5d e8e9 | 90fe ffff | 0f1f 4000 
[/MachCode]

---------------  P R O C E S S  ---------------

Threads class SMR info:
_java_thread_list=0x000002265ac43840, length=13, elements={
0x000002263e2c9790, 0x0000022655ac0f70, 0x0000022655ac1c90, 0x0000022655ac3860,
0x0000022655af34a0, 0x0000022655b12e60, 0x0000022655af7440, 0x0000022655ae49b0,
0x0000022655ae5460, 0x0000022655cc78e0, 0x0000022655cd0790, 0x0000022655d58e00,
0x000002265acc1d10
}

Java Threads: ( => current thread )
  0x000002263e2c9790 JavaThread "main"                              [_thread_in_vm, id=16064, stack(0x000000c9d0100000,0x000000c9d0200000) (1024K)]
  0x0000022655ac0f70 JavaThread "Reference Handler"          daemon [_thread_blocked, id=1900, stack(0x000000c9d0900000,0x000000c9d0a00000) (1024K)]
  0x0000022655ac1c90 JavaThread "Finalizer"                  daemon [_thread_blocked, id=3664, stack(0x000000c9d0a00000,0x000000c9d0b00000) (1024K)]
  0x0000022655ac3860 JavaThread "Signal Dispatcher"          daemon [_thread_blocked, id=11148, stack(0x000000c9d0b00000,0x000000c9d0c00000) (1024K)]
  0x0000022655af34a0 JavaThread "Attach Listener"            daemon [_thread_blocked, id=9028, stack(0x000000c9d0c00000,0x000000c9d0d00000) (1024K)]
  0x0000022655b12e60 JavaThread "Service Thread"             daemon [_thread_blocked, id=13640, stack(0x000000c9d0d00000,0x000000c9d0e00000) (1024K)]
  0x0000022655af7440 JavaThread "Monitor Deflation Thread"   daemon [_thread_blocked, id=1384, stack(0x000000c9d0e00000,0x000000c9d0f00000) (1024K)]
  0x0000022655ae49b0 JavaThread "C2 CompilerThread0"         daemon [_thread_blocked, id=3704, stack(0x000000c9d0f00000,0x000000c9d1000000) (1024K)]
  0x0000022655ae5460 JavaThread "C1 CompilerThread0"         daemon [_thread_in_vm, id=7884, stack(0x000000c9d1000000,0x000000c9d1100000) (1024K)]
  0x0000022655cc78e0 JavaThread "Notification Thread"        daemon [_thread_blocked, id=8768, stack(0x000000c9d1100000,0x000000c9d1200000) (1024K)]
  0x0000022655cd0790 JavaThread "Common-Cleaner"             daemon [_thread_blocked, id=7092, stack(0x000000c9d1200000,0x000000c9d1300000) (1024K)]
  0x0000022655d58e00 JavaThread "C2 CompilerThread1"         daemon [_thread_blocked, id=16000, stack(0x000000c9d1300000,0x000000c9d1400000) (1024K)]
=>0x000002265acc1d10 JavaThread "background-preinit"                [_thread_in_vm, id=9576, stack(0x000000c9d1700000,0x000000c9d1800000) (1024K)]
Total: 13

Other Threads:
  0x0000022655a986c0 VMThread "VM Thread"                           [id=12336, stack(0x000000c9d0800000,0x000000c9d0900000) (1024K)]
  0x00000226559f7b80 WatcherThread "VM Periodic Task Thread"        [id=11000, stack(0x000000c9d0700000,0x000000c9d0800000) (1024K)]
  0x000002263e31b050 WorkerThread "GC Thread#0"                     [id=15428, stack(0x000000c9d0200000,0x000000c9d0300000) (1024K)]
  0x000002265a793ff0 WorkerThread "GC Thread#1"                     [id=10200, stack(0x000000c9d1400000,0x000000c9d1500000) (1024K)]
  0x000002265a7943a0 WorkerThread "GC Thread#2"                     [id=2708, stack(0x000000c9d1500000,0x000000c9d1600000) (1024K)]
  0x000002265a55cfd0 WorkerThread "GC Thread#3"                     [id=8792, stack(0x000000c9d1600000,0x000000c9d1700000) (1024K)]
  0x000002263e32c5a0 ConcurrentGCThread "G1 Main Marker"            [id=8580, stack(0x000000c9d0300000,0x000000c9d0400000) (1024K)]
  0x000002263e32d3e0 WorkerThread "G1 Conc#0"                       [id=7256, stack(0x000000c9d0400000,0x000000c9d0500000) (1024K)]
  0x000002263e38e5f0 ConcurrentGCThread "G1 Refine#0"               [id=1444, stack(0x000000c9d0500000,0x000000c9d0600000) (1024K)]
  0x00000226558bd290 ConcurrentGCThread "G1 Service"                [id=3340, stack(0x000000c9d0600000,0x000000c9d0700000) (1024K)]
Total: 10

Threads with active compile tasks:
C1 CompilerThread0  1450 1652       3       java.util.regex.Pattern::append (43 bytes)
Total: 1

VM state: not at safepoint (normal execution)

VM Mutex/Monitor currently owned by a thread:  ([mutex/lock_event])
[0x00007ff99fa4df28] Metaspace_lock - owner thread: 0x000002265acc1d10

Heap address: 0x0000000081800000, size: 2024 MB, Compressed Oops mode: 32-bit

CDS archive(s) not mapped
Compressed class space mapped at: 0x0000000005000000-0x0000000045000000, reserved size: 1073741824
Narrow klass base: 0x0000000000000000, Narrow klass shift: 0, Narrow klass range: 0x45000000

GC Precious Log:
 CardTable entry size: 512
 Card Set container configuration: InlinePtr #cards 5 size 8 Array Of Cards #cards 12 size 40 Howl #buckets 4 coarsen threshold 1843 Howl Bitmap #cards 512 size 80 coarsen threshold 460 Card regions per heap region 1 cards per card region 2048
 CPUs: 4 total, 4 available
 Memory: 8092M
 Large Page Support: Disabled
 NUMA Support: Disabled
 Compressed Oops: Enabled (32-bit)
 Heap Region Size: 1M
 Heap Min Capacity: 8M
 Heap Initial Capacity: 128M
 Heap Max Capacity: 2024M
 Pre-touch: Disabled
 Parallel Workers: 4
 Concurrent Workers: 1
 Concurrent Refinement Workers: 4
 Periodic GC: Disabled

Heap:
 garbage-first heap   total reserved 2072576K, committed 131072K, used 6506K [0x0000000081800000, 0x0000000100000000)
  region size 1024K, 4 young (4096K), 2 survivors (2048K)
 Metaspace       used 18914K, committed 19200K, reserved 1114112K
  class space    used 1954K, committed 2112K, reserved 1048576K

Heap Regions: E=young(eden), S=young(survivor), O=old, HS=humongous(starts), HC=humongous(continues), CS=collection set, F=free, TAMS=top-at-mark-start, PB=parsable bottom
|   0|0x0000000081800000, 0x0000000081900000, 0x0000000081900000|100%| O|  |TAMS 0x0000000081800000| PB 0x0000000081800000| Untracked |  0
|   1|0x0000000081900000, 0x0000000081a00000, 0x0000000081a00000|100%| O|  |TAMS 0x0000000081900000| PB 0x0000000081900000| Untracked |  0
|   2|0x0000000081a00000, 0x0000000081b00000, 0x0000000081b00000|100%| O|  |TAMS 0x0000000081a00000| PB 0x0000000081a00000| Untracked |  0
|   3|0x0000000081b00000, 0x0000000081bf7e58, 0x0000000081c00000| 96%| O|  |TAMS 0x0000000081b00000| PB 0x0000000081b00000| Untracked |  0
|   4|0x0000000081c00000, 0x0000000081c00000, 0x0000000081d00000|  0%| F|  |TAMS 0x0000000081c00000| PB 0x0000000081c00000| Untracked |  0
|   5|0x0000000081d00000, 0x0000000081d00000, 0x0000000081e00000|  0%| F|  |TAMS 0x0000000081d00000| PB 0x0000000081d00000| Untracked |  0
|   6|0x0000000081e00000, 0x0000000081e00000, 0x0000000081f00000|  0%| F|  |TAMS 0x0000000081e00000| PB 0x0000000081e00000| Untracked |  0
|   7|0x0000000081f00000, 0x0000000081f00000, 0x0000000082000000|  0%| F|  |TAMS 0x0000000081f00000| PB 0x0000000081f00000| Untracked |  0
|   8|0x0000000082000000, 0x0000000082000000, 0x0000000082100000|  0%| F|  |TAMS 0x0000000082000000| PB 0x0000000082000000| Untracked |  0
|   9|0x0000000082100000, 0x0000000082100000, 0x0000000082200000|  0%| F|  |TAMS 0x0000000082100000| PB 0x0000000082100000| Untracked |  0
|  10|0x0000000082200000, 0x0000000082200000, 0x0000000082300000|  0%| F|  |TAMS 0x0000000082200000| PB 0x0000000082200000| Untracked |  0
|  11|0x0000000082300000, 0x0000000082300000, 0x0000000082400000|  0%| F|  |TAMS 0x0000000082300000| PB 0x0000000082300000| Untracked |  0
|  12|0x0000000082400000, 0x0000000082400000, 0x0000000082500000|  0%| F|  |TAMS 0x0000000082400000| PB 0x0000000082400000| Untracked |  0
|  13|0x0000000082500000, 0x0000000082500000, 0x0000000082600000|  0%| F|  |TAMS 0x0000000082500000| PB 0x0000000082500000| Untracked |  0
|  14|0x0000000082600000, 0x0000000082600000, 0x0000000082700000|  0%| F|  |TAMS 0x0000000082600000| PB 0x0000000082600000| Untracked |  0
|  15|0x0000000082700000, 0x0000000082700000, 0x0000000082800000|  0%| F|  |TAMS 0x0000000082700000| PB 0x0000000082700000| Untracked |  0
|  16|0x0000000082800000, 0x0000000082800000, 0x0000000082900000|  0%| F|  |TAMS 0x0000000082800000| PB 0x0000000082800000| Untracked |  0
|  17|0x0000000082900000, 0x0000000082900000, 0x0000000082a00000|  0%| F|  |TAMS 0x0000000082900000| PB 0x0000000082900000| Untracked |  0
|  18|0x0000000082a00000, 0x0000000082a00000, 0x0000000082b00000|  0%| F|  |TAMS 0x0000000082a00000| PB 0x0000000082a00000| Untracked |  0
|  19|0x0000000082b00000, 0x0000000082b00000, 0x0000000082c00000|  0%| F|  |TAMS 0x0000000082b00000| PB 0x0000000082b00000| Untracked |  0
|  20|0x0000000082c00000, 0x0000000082c00000, 0x0000000082d00000|  0%| F|  |TAMS 0x0000000082c00000| PB 0x0000000082c00000| Untracked |  0
|  21|0x0000000082d00000, 0x0000000082d00000, 0x0000000082e00000|  0%| F|  |TAMS 0x0000000082d00000| PB 0x0000000082d00000| Untracked |  0
|  22|0x0000000082e00000, 0x0000000082e00000, 0x0000000082f00000|  0%| F|  |TAMS 0x0000000082e00000| PB 0x0000000082e00000| Untracked |  0
|  23|0x0000000082f00000, 0x0000000082f00000, 0x0000000083000000|  0%| F|  |TAMS 0x0000000082f00000| PB 0x0000000082f00000| Untracked |  0
|  24|0x0000000083000000, 0x0000000083000000, 0x0000000083100000|  0%| F|  |TAMS 0x0000000083000000| PB 0x0000000083000000| Untracked |  0
|  25|0x0000000083100000, 0x0000000083100000, 0x0000000083200000|  0%| F|  |TAMS 0x0000000083100000| PB 0x0000000083100000| Untracked |  0
|  26|0x0000000083200000, 0x0000000083200000, 0x0000000083300000|  0%| F|  |TAMS 0x0000000083200000| PB 0x0000000083200000| Untracked |  0
|  27|0x0000000083300000, 0x0000000083300000, 0x0000000083400000|  0%| F|  |TAMS 0x0000000083300000| PB 0x0000000083300000| Untracked |  0
|  28|0x0000000083400000, 0x0000000083400000, 0x0000000083500000|  0%| F|  |TAMS 0x0000000083400000| PB 0x0000000083400000| Untracked |  0
|  29|0x0000000083500000, 0x0000000083500000, 0x0000000083600000|  0%| F|  |TAMS 0x0000000083500000| PB 0x0000000083500000| Untracked |  0
|  30|0x0000000083600000, 0x0000000083600000, 0x0000000083700000|  0%| F|  |TAMS 0x0000000083600000| PB 0x0000000083600000| Untracked |  0
|  31|0x0000000083700000, 0x0000000083700000, 0x0000000083800000|  0%| F|  |TAMS 0x0000000083700000| PB 0x0000000083700000| Untracked |  0
|  32|0x0000000083800000, 0x0000000083800000, 0x0000000083900000|  0%| F|  |TAMS 0x0000000083800000| PB 0x0000000083800000| Untracked |  0
|  33|0x0000000083900000, 0x0000000083900000, 0x0000000083a00000|  0%| F|  |TAMS 0x0000000083900000| PB 0x0000000083900000| Untracked |  0
|  34|0x0000000083a00000, 0x0000000083a00000, 0x0000000083b00000|  0%| F|  |TAMS 0x0000000083a00000| PB 0x0000000083a00000| Untracked |  0
|  35|0x0000000083b00000, 0x0000000083b00000, 0x0000000083c00000|  0%| F|  |TAMS 0x0000000083b00000| PB 0x0000000083b00000| Untracked |  0
|  36|0x0000000083c00000, 0x0000000083c00000, 0x0000000083d00000|  0%| F|  |TAMS 0x0000000083c00000| PB 0x0000000083c00000| Untracked |  0
|  37|0x0000000083d00000, 0x0000000083d00000, 0x0000000083e00000|  0%| F|  |TAMS 0x0000000083d00000| PB 0x0000000083d00000| Untracked |  0
|  38|0x0000000083e00000, 0x0000000083e00000, 0x0000000083f00000|  0%| F|  |TAMS 0x0000000083e00000| PB 0x0000000083e00000| Untracked |  0
|  39|0x0000000083f00000, 0x0000000083f00000, 0x0000000084000000|  0%| F|  |TAMS 0x0000000083f00000| PB 0x0000000083f00000| Untracked |  0
|  40|0x0000000084000000, 0x0000000084000000, 0x0000000084100000|  0%| F|  |TAMS 0x0000000084000000| PB 0x0000000084000000| Untracked |  0
|  41|0x0000000084100000, 0x0000000084100000, 0x0000000084200000|  0%| F|  |TAMS 0x0000000084100000| PB 0x0000000084100000| Untracked |  0
|  42|0x0000000084200000, 0x0000000084200000, 0x0000000084300000|  0%| F|  |TAMS 0x0000000084200000| PB 0x0000000084200000| Untracked |  0
|  43|0x0000000084300000, 0x0000000084300000, 0x0000000084400000|  0%| F|  |TAMS 0x0000000084300000| PB 0x0000000084300000| Untracked |  0
|  44|0x0000000084400000, 0x0000000084400000, 0x0000000084500000|  0%| F|  |TAMS 0x0000000084400000| PB 0x0000000084400000| Untracked |  0
|  45|0x0000000084500000, 0x0000000084500000, 0x0000000084600000|  0%| F|  |TAMS 0x0000000084500000| PB 0x0000000084500000| Untracked |  0
|  46|0x0000000084600000, 0x0000000084600000, 0x0000000084700000|  0%| F|  |TAMS 0x0000000084600000| PB 0x0000000084600000| Untracked |  0
|  47|0x0000000084700000, 0x0000000084700000, 0x0000000084800000|  0%| F|  |TAMS 0x0000000084700000| PB 0x0000000084700000| Untracked |  0
|  48|0x0000000084800000, 0x0000000084800000, 0x0000000084900000|  0%| F|  |TAMS 0x0000000084800000| PB 0x0000000084800000| Untracked |  0
|  49|0x0000000084900000, 0x0000000084900000, 0x0000000084a00000|  0%| F|  |TAMS 0x0000000084900000| PB 0x0000000084900000| Untracked |  0
|  50|0x0000000084a00000, 0x0000000084a00000, 0x0000000084b00000|  0%| F|  |TAMS 0x0000000084a00000| PB 0x0000000084a00000| Untracked |  0
|  51|0x0000000084b00000, 0x0000000084b00000, 0x0000000084c00000|  0%| F|  |TAMS 0x0000000084b00000| PB 0x0000000084b00000| Untracked |  0
|  52|0x0000000084c00000, 0x0000000084c00000, 0x0000000084d00000|  0%| F|  |TAMS 0x0000000084c00000| PB 0x0000000084c00000| Untracked |  0
|  53|0x0000000084d00000, 0x0000000084d00000, 0x0000000084e00000|  0%| F|  |TAMS 0x0000000084d00000| PB 0x0000000084d00000| Untracked |  0
|  54|0x0000000084e00000, 0x0000000084e00000, 0x0000000084f00000|  0%| F|  |TAMS 0x0000000084e00000| PB 0x0000000084e00000| Untracked |  0
|  55|0x0000000084f00000, 0x0000000084f00000, 0x0000000085000000|  0%| F|  |TAMS 0x0000000084f00000| PB 0x0000000084f00000| Untracked |  0
|  56|0x0000000085000000, 0x0000000085000000, 0x0000000085100000|  0%| F|  |TAMS 0x0000000085000000| PB 0x0000000085000000| Untracked |  0
|  57|0x0000000085100000, 0x0000000085100000, 0x0000000085200000|  0%| F|  |TAMS 0x0000000085100000| PB 0x0000000085100000| Untracked |  0
|  58|0x0000000085200000, 0x0000000085200000, 0x0000000085300000|  0%| F|  |TAMS 0x0000000085200000| PB 0x0000000085200000| Untracked |  0
|  59|0x0000000085300000, 0x0000000085300000, 0x0000000085400000|  0%| F|  |TAMS 0x0000000085300000| PB 0x0000000085300000| Untracked |  0
|  60|0x0000000085400000, 0x0000000085400000, 0x0000000085500000|  0%| F|  |TAMS 0x0000000085400000| PB 0x0000000085400000| Untracked |  0
|  61|0x0000000085500000, 0x0000000085500000, 0x0000000085600000|  0%| F|  |TAMS 0x0000000085500000| PB 0x0000000085500000| Untracked |  0
|  62|0x0000000085600000, 0x0000000085600000, 0x0000000085700000|  0%| F|  |TAMS 0x0000000085600000| PB 0x0000000085600000| Untracked |  0
|  63|0x0000000085700000, 0x0000000085700000, 0x0000000085800000|  0%| F|  |TAMS 0x0000000085700000| PB 0x0000000085700000| Untracked |  0
|  64|0x0000000085800000, 0x0000000085800000, 0x0000000085900000|  0%| F|  |TAMS 0x0000000085800000| PB 0x0000000085800000| Untracked |  0
|  65|0x0000000085900000, 0x0000000085900000, 0x0000000085a00000|  0%| F|  |TAMS 0x0000000085900000| PB 0x0000000085900000| Untracked |  0
|  66|0x0000000085a00000, 0x0000000085a00000, 0x0000000085b00000|  0%| F|  |TAMS 0x0000000085a00000| PB 0x0000000085a00000| Untracked |  0
|  67|0x0000000085b00000, 0x0000000085b00000, 0x0000000085c00000|  0%| F|  |TAMS 0x0000000085b00000| PB 0x0000000085b00000| Untracked |  0
|  68|0x0000000085c00000, 0x0000000085c00000, 0x0000000085d00000|  0%| F|  |TAMS 0x0000000085c00000| PB 0x0000000085c00000| Untracked |  0
|  69|0x0000000085d00000, 0x0000000085d00000, 0x0000000085e00000|  0%| F|  |TAMS 0x0000000085d00000| PB 0x0000000085d00000| Untracked |  0
|  70|0x0000000085e00000, 0x0000000085e00000, 0x0000000085f00000|  0%| F|  |TAMS 0x0000000085e00000| PB 0x0000000085e00000| Untracked |  0
|  71|0x0000000085f00000, 0x0000000085f00000, 0x0000000086000000|  0%| F|  |TAMS 0x0000000085f00000| PB 0x0000000085f00000| Untracked |  0
|  72|0x0000000086000000, 0x0000000086000000, 0x0000000086100000|  0%| F|  |TAMS 0x0000000086000000| PB 0x0000000086000000| Untracked |  0
|  73|0x0000000086100000, 0x0000000086100000, 0x0000000086200000|  0%| F|  |TAMS 0x0000000086100000| PB 0x0000000086100000| Untracked |  0
|  74|0x0000000086200000, 0x0000000086200000, 0x0000000086300000|  0%| F|  |TAMS 0x0000000086200000| PB 0x0000000086200000| Untracked |  0
|  75|0x0000000086300000, 0x0000000086300000, 0x0000000086400000|  0%| F|  |TAMS 0x0000000086300000| PB 0x0000000086300000| Untracked |  0
|  76|0x0000000086400000, 0x0000000086400000, 0x0000000086500000|  0%| F|  |TAMS 0x0000000086400000| PB 0x0000000086400000| Untracked |  0
|  77|0x0000000086500000, 0x0000000086500000, 0x0000000086600000|  0%| F|  |TAMS 0x0000000086500000| PB 0x0000000086500000| Untracked |  0
|  78|0x0000000086600000, 0x0000000086600000, 0x0000000086700000|  0%| F|  |TAMS 0x0000000086600000| PB 0x0000000086600000| Untracked |  0
|  79|0x0000000086700000, 0x0000000086700000, 0x0000000086800000|  0%| F|  |TAMS 0x0000000086700000| PB 0x0000000086700000| Untracked |  0
|  80|0x0000000086800000, 0x0000000086800000, 0x0000000086900000|  0%| F|  |TAMS 0x0000000086800000| PB 0x0000000086800000| Untracked |  0
|  81|0x0000000086900000, 0x0000000086900000, 0x0000000086a00000|  0%| F|  |TAMS 0x0000000086900000| PB 0x0000000086900000| Untracked |  0
|  82|0x0000000086a00000, 0x0000000086a00000, 0x0000000086b00000|  0%| F|  |TAMS 0x0000000086a00000| PB 0x0000000086a00000| Untracked |  0
|  83|0x0000000086b00000, 0x0000000086b00000, 0x0000000086c00000|  0%| F|  |TAMS 0x0000000086b00000| PB 0x0000000086b00000| Untracked |  0
|  84|0x0000000086c00000, 0x0000000086c00000, 0x0000000086d00000|  0%| F|  |TAMS 0x0000000086c00000| PB 0x0000000086c00000| Untracked |  0
|  85|0x0000000086d00000, 0x0000000086d00000, 0x0000000086e00000|  0%| F|  |TAMS 0x0000000086d00000| PB 0x0000000086d00000| Untracked |  0
|  86|0x0000000086e00000, 0x0000000086e00000, 0x0000000086f00000|  0%| F|  |TAMS 0x0000000086e00000| PB 0x0000000086e00000| Untracked |  0
|  87|0x0000000086f00000, 0x0000000086f00000, 0x0000000087000000|  0%| F|  |TAMS 0x0000000086f00000| PB 0x0000000086f00000| Untracked |  0
|  88|0x0000000087000000, 0x0000000087000000, 0x0000000087100000|  0%| F|  |TAMS 0x0000000087000000| PB 0x0000000087000000| Untracked |  0
|  89|0x0000000087100000, 0x0000000087100000, 0x0000000087200000|  0%| F|  |TAMS 0x0000000087100000| PB 0x0000000087100000| Untracked |  0
|  90|0x0000000087200000, 0x0000000087200000, 0x0000000087300000|  0%| F|  |TAMS 0x0000000087200000| PB 0x0000000087200000| Untracked |  0
|  91|0x0000000087300000, 0x0000000087300000, 0x0000000087400000|  0%| F|  |TAMS 0x0000000087300000| PB 0x0000000087300000| Untracked |  0
|  92|0x0000000087400000, 0x0000000087400000, 0x0000000087500000|  0%| F|  |TAMS 0x0000000087400000| PB 0x0000000087400000| Untracked |  0
|  93|0x0000000087500000, 0x0000000087500000, 0x0000000087600000|  0%| F|  |TAMS 0x0000000087500000| PB 0x0000000087500000| Untracked |  0
|  94|0x0000000087600000, 0x0000000087600000, 0x0000000087700000|  0%| F|  |TAMS 0x0000000087600000| PB 0x0000000087600000| Untracked |  0
|  95|0x0000000087700000, 0x0000000087700000, 0x0000000087800000|  0%| F|  |TAMS 0x0000000087700000| PB 0x0000000087700000| Untracked |  0
|  96|0x0000000087800000, 0x0000000087800000, 0x0000000087900000|  0%| F|  |TAMS 0x0000000087800000| PB 0x0000000087800000| Untracked |  0
|  97|0x0000000087900000, 0x0000000087900000, 0x0000000087a00000|  0%| F|  |TAMS 0x0000000087900000| PB 0x0000000087900000| Untracked |  0
|  98|0x0000000087a00000, 0x0000000087a00000, 0x0000000087b00000|  0%| F|  |TAMS 0x0000000087a00000| PB 0x0000000087a00000| Untracked |  0
|  99|0x0000000087b00000, 0x0000000087b00000, 0x0000000087c00000|  0%| F|  |TAMS 0x0000000087b00000| PB 0x0000000087b00000| Untracked |  0
| 100|0x0000000087c00000, 0x0000000087c00000, 0x0000000087d00000|  0%| F|  |TAMS 0x0000000087c00000| PB 0x0000000087c00000| Untracked |  0
| 101|0x0000000087d00000, 0x0000000087d00000, 0x0000000087e00000|  0%| F|  |TAMS 0x0000000087d00000| PB 0x0000000087d00000| Untracked |  0
| 102|0x0000000087e00000, 0x0000000087e00000, 0x0000000087f00000|  0%| F|  |TAMS 0x0000000087e00000| PB 0x0000000087e00000| Untracked |  0
| 103|0x0000000087f00000, 0x0000000087f00000, 0x0000000088000000|  0%| F|  |TAMS 0x0000000087f00000| PB 0x0000000087f00000| Untracked |  0
| 104|0x0000000088000000, 0x0000000088000000, 0x0000000088100000|  0%| F|  |TAMS 0x0000000088000000| PB 0x0000000088000000| Untracked |  0
| 105|0x0000000088100000, 0x0000000088100000, 0x0000000088200000|  0%| F|  |TAMS 0x0000000088100000| PB 0x0000000088100000| Untracked |  0
| 106|0x0000000088200000, 0x0000000088200000, 0x0000000088300000|  0%| F|  |TAMS 0x0000000088200000| PB 0x0000000088200000| Untracked |  0
| 107|0x0000000088300000, 0x0000000088362a18, 0x0000000088400000| 38%| S|CS|TAMS 0x0000000088300000| PB 0x0000000088300000| Complete |  0
| 108|0x0000000088400000, 0x0000000088500000, 0x0000000088500000|100%| S|CS|TAMS 0x0000000088400000| PB 0x0000000088400000| Complete |  0
| 109|0x0000000088500000, 0x0000000088500000, 0x0000000088600000|  0%| F|  |TAMS 0x0000000088500000| PB 0x0000000088500000| Untracked |  0
| 110|0x0000000088600000, 0x0000000088600000, 0x0000000088700000|  0%| F|  |TAMS 0x0000000088600000| PB 0x0000000088600000| Untracked |  0
| 111|0x0000000088700000, 0x0000000088700000, 0x0000000088800000|  0%| F|  |TAMS 0x0000000088700000| PB 0x0000000088700000| Untracked |  0
| 112|0x0000000088800000, 0x0000000088800000, 0x0000000088900000|  0%| F|  |TAMS 0x0000000088800000| PB 0x0000000088800000| Untracked |  0
| 113|0x0000000088900000, 0x0000000088900000, 0x0000000088a00000|  0%| F|  |TAMS 0x0000000088900000| PB 0x0000000088900000| Untracked |  0
| 114|0x0000000088a00000, 0x0000000088a00000, 0x0000000088b00000|  0%| F|  |TAMS 0x0000000088a00000| PB 0x0000000088a00000| Untracked |  0
| 115|0x0000000088b00000, 0x0000000088b00000, 0x0000000088c00000|  0%| F|  |TAMS 0x0000000088b00000| PB 0x0000000088b00000| Untracked |  0
| 116|0x0000000088c00000, 0x0000000088c00000, 0x0000000088d00000|  0%| F|  |TAMS 0x0000000088c00000| PB 0x0000000088c00000| Untracked |  0
| 117|0x0000000088d00000, 0x0000000088d00000, 0x0000000088e00000|  0%| F|  |TAMS 0x0000000088d00000| PB 0x0000000088d00000| Untracked |  0
| 118|0x0000000088e00000, 0x0000000088e00000, 0x0000000088f00000|  0%| F|  |TAMS 0x0000000088e00000| PB 0x0000000088e00000| Untracked |  0
| 119|0x0000000088f00000, 0x0000000088f00000, 0x0000000089000000|  0%| F|  |TAMS 0x0000000088f00000| PB 0x0000000088f00000| Untracked |  0
| 120|0x0000000089000000, 0x0000000089000000, 0x0000000089100000|  0%| F|  |TAMS 0x0000000089000000| PB 0x0000000089000000| Untracked |  0
| 121|0x0000000089100000, 0x0000000089100000, 0x0000000089200000|  0%| F|  |TAMS 0x0000000089100000| PB 0x0000000089100000| Untracked |  0
| 122|0x0000000089200000, 0x0000000089200000, 0x0000000089300000|  0%| F|  |TAMS 0x0000000089200000| PB 0x0000000089200000| Untracked |  0
| 123|0x0000000089300000, 0x0000000089300000, 0x0000000089400000|  0%| F|  |TAMS 0x0000000089300000| PB 0x0000000089300000| Untracked |  0
| 124|0x0000000089400000, 0x0000000089400000, 0x0000000089500000|  0%| F|  |TAMS 0x0000000089400000| PB 0x0000000089400000| Untracked |  0
| 125|0x0000000089500000, 0x0000000089500000, 0x0000000089600000|  0%| F|  |TAMS 0x0000000089500000| PB 0x0000000089500000| Untracked |  0
| 126|0x0000000089600000, 0x00000000896bcc70, 0x0000000089700000| 73%| E|  |TAMS 0x0000000089600000| PB 0x0000000089600000| Complete |  0
| 127|0x0000000089700000, 0x0000000089800000, 0x0000000089800000|100%| E|CS|TAMS 0x0000000089700000| PB 0x0000000089700000| Complete |  0

Card table byte_map: [0x00000226511c0000,0x00000226515c0000] _byte_map_base: 0x0000022650db4000

Marking Bits: (CMBitMap*) 0x000002263e31b670
 Bits: [0x00000226515c0000, 0x0000022653560000)

Polling page: 0x000002263da90000

Metaspace:

Usage:
  Non-class:     16.56 MB used.
      Class:      1.91 MB used.
       Both:     18.47 MB used.

Virtual space:
  Non-class space:       64.00 MB reserved,      16.69 MB ( 26%) committed,  1 nodes.
      Class space:        1.00 GB reserved,       2.06 MB ( <1%) committed,  1 nodes.
             Both:        1.06 GB reserved,      18.75 MB (  2%) committed. 

Chunk freelists:
   Non-Class:  14.90 MB
       Class:  14.00 MB
        Both:  28.90 MB

MaxMetaspaceSize: unlimited
CompressedClassSpaceSize: 1.00 GB
Initial GC threshold: 21.00 MB
Current GC threshold: 21.00 MB
CDS: off
 - commit_granule_bytes: 65536.
 - commit_granule_words: 8192.
 - virtual_space_node_default_size: 8388608.
 - enlarge_chunks_in_place: 1.
 - use_allocation_guard: 0.


Internal statistics:

num_allocs_failed_limit: 0.
num_arena_births: 234.
num_arena_deaths: 0.
num_vsnodes_births: 2.
num_vsnodes_deaths: 0.
num_space_committed: 300.
num_space_uncommitted: 0.
num_chunks_returned_to_freelist: 0.
num_chunks_taken_from_freelist: 611.
num_chunk_merges: 0.
num_chunk_splits: 345.
num_chunks_enlarged: 205.
num_inconsistent_stats: 0.

CodeHeap 'non-profiled nmethods': size=120000Kb used=571Kb max_used=571Kb free=119428Kb
 bounds [0x0000022649890000, 0x0000022649b00000, 0x0000022650dc0000]
CodeHeap 'profiled nmethods': size=120000Kb used=2857Kb max_used=2857Kb free=117142Kb
 bounds [0x0000022641dc0000, 0x0000022642090000, 0x00000226492f0000]
CodeHeap 'non-nmethods': size=5760Kb used=1396Kb max_used=1413Kb free=4363Kb
 bounds [0x00000226492f0000, 0x0000022649560000, 0x0000022649890000]
 total_blobs=2146 nmethods=1653 adapters=398
 compilation: enabled
              stopped_count=0, restarted_count=0
 full_count=0

Compilation events (20 events):
Event: 1.270 Thread 0x0000022655ae5460 nmethod 1643 0x0000022642087f10 code [0x00000226420880e0, 0x00000226420883b0]
Event: 1.271 Thread 0x0000022655ae5460 1644       3       java.util.regex.Pattern$Node::study (21 bytes)
Event: 1.271 Thread 0x0000022655ae5460 nmethod 1644 0x0000022642088490 code [0x0000022642088640, 0x0000022642088870]
Event: 1.272 Thread 0x0000022655ae5460 1645       3       java.util.regex.Pattern$Node::<init> (12 bytes)
Event: 1.272 Thread 0x0000022655ae49b0 nmethod 1623 0x000002264991b090 code [0x000002264991b2c0, 0x000002264991bc80]
Event: 1.272 Thread 0x0000022655ae5460 nmethod 1645 0x0000022642088990 code [0x0000022642088b40, 0x0000022642088d10]
Event: 1.272 Thread 0x0000022655ae49b0 1641  s    4       java.io.ByteArrayInputStream::available (10 bytes)
Event: 1.273 Thread 0x0000022655ae49b0 nmethod 1641 0x000002264991c210 code [0x000002264991c3a0, 0x000002264991c560]
Event: 1.273 Thread 0x0000022655ae49b0 1646       4       java.util.regex.Pattern$$Lambda/0x00000000050bba28::is (9 bytes)
Event: 1.274 Thread 0x0000022655ae49b0 nmethod 1646 0x000002264991c610 code [0x000002264991c780, 0x000002264991c808]
Event: 1.274 Thread 0x0000022655ae49b0 1647       4       java.util.regex.Pattern$BmpCharPropertyGreedy::match (89 bytes)
Event: 1.275 Thread 0x0000022655ae5460 1648       3       java.util.ImmutableCollections$SetN::<init> (90 bytes)
Event: 1.276 Thread 0x0000022655ae5460 nmethod 1648 0x0000022642088e10 code [0x00000226420890c0, 0x0000022642089d68]
Event: 1.276 Thread 0x0000022655d58e00 nmethod 1640 0x000002264991c910 code [0x000002264991cae0, 0x000002264991d1d8]
Event: 1.277 Thread 0x0000022655d58e00 1649       4       java.nio.CharBuffer::arrayOffset (35 bytes)
Event: 1.278 Thread 0x0000022655d58e00 nmethod 1649 0x000002264991d510 code [0x000002264991d6a0, 0x000002264991d758]
Event: 1.278 Thread 0x0000022655ae5460 1650       3       java.util.regex.Pattern::next (33 bytes)
Event: 1.278 Thread 0x0000022655ae5460 nmethod 1650 0x000002264208a210 code [0x000002264208a3c0, 0x000002264208a618]
Event: 1.278 Thread 0x0000022655d58e00 1651       4       java.nio.ByteBuffer::limit (8 bytes)
Event: 1.279 Thread 0x0000022655d58e00 nmethod 1651 0x000002264991d810 code [0x000002264991d9a0, 0x000002264991dab0]

GC Heap History (4 events):
Event: 0.743 GC heap before
{Heap before GC invocations=0 (full 0):
 garbage-first heap   total reserved 2072576K, committed 131072K, used 14336K [0x0000000081800000, 0x0000000100000000)
  region size 1024K, 14 young (14336K), 0 survivors (0K)
 Metaspace       used 12708K, committed 12928K, reserved 1114112K
  class space    used 1231K, committed 1280K, reserved 1048576K
}
Event: 0.747 GC heap after
{Heap after GC invocations=1 (full 0):
 garbage-first heap   total reserved 2072576K, committed 131072K, used 3989K [0x0000000081800000, 0x0000000100000000)
  region size 1024K, 2 young (2048K), 2 survivors (2048K)
 Metaspace       used 12708K, committed 12928K, reserved 1114112K
  class space    used 1231K, committed 1280K, reserved 1048576K
}
Event: 1.231 GC heap before
{Heap before GC invocations=1 (full 0):
 garbage-first heap   total reserved 2072576K, committed 131072K, used 20373K [0x0000000081800000, 0x0000000100000000)
  region size 1024K, 19 young (19456K), 2 survivors (2048K)
 Metaspace       used 18502K, committed 18752K, reserved 1114112K
  class space    used 1920K, committed 2048K, reserved 1048576K
}
Event: 1.236 GC heap after
{Heap after GC invocations=2 (full 0):
 garbage-first heap   total reserved 2072576K, committed 131072K, used 5482K [0x0000000081800000, 0x0000000100000000)
  region size 1024K, 2 young (2048K), 2 survivors (2048K)
 Metaspace       used 18502K, committed 18752K, reserved 1114112K
  class space    used 1920K, committed 2048K, reserved 1048576K
}

Dll operation events (7 events):
Event: 0.020 Loaded shared library C:\Users\Ashwin\.p2\pool\plugins\org.eclipse.justj.openjdk.hotspot.jre.full.win32.x86_64_22.0.1.v20240426-1149\jre\bin\java.dll
Event: 0.032 Loaded shared library C:\Users\Ashwin\.p2\pool\plugins\org.eclipse.justj.openjdk.hotspot.jre.full.win32.x86_64_22.0.1.v20240426-1149\jre\bin\zip.dll
Event: 0.176 Loaded shared library C:\Users\Ashwin\.p2\pool\plugins\org.eclipse.justj.openjdk.hotspot.jre.full.win32.x86_64_22.0.1.v20240426-1149\jre\bin\net.dll
Event: 0.178 Loaded shared library C:\Users\Ashwin\.p2\pool\plugins\org.eclipse.justj.openjdk.hotspot.jre.full.win32.x86_64_22.0.1.v20240426-1149\jre\bin\nio.dll
Event: 0.185 Loaded shared library C:\Users\Ashwin\.p2\pool\plugins\org.eclipse.justj.openjdk.hotspot.jre.full.win32.x86_64_22.0.1.v20240426-1149\jre\bin\zip.dll
Event: 0.311 Loaded shared library C:\Users\Ashwin\.p2\pool\plugins\org.eclipse.justj.openjdk.hotspot.jre.full.win32.x86_64_22.0.1.v20240426-1149\jre\bin\jimage.dll
Event: 1.174 Loaded shared library C:\Users\Ashwin\.p2\pool\plugins\org.eclipse.justj.openjdk.hotspot.jre.full.win32.x86_64_22.0.1.v20240426-1149\jre\bin\le.dll

Deoptimization events (20 events):
Event: 1.035 Thread 0x000002263e2c9790 Uncommon trap: trap_request=0xffffffc6 fr.pc=0x0000022649905dd0 relative=0x0000000000000370
Event: 1.035 Thread 0x000002263e2c9790 Uncommon trap: reason=bimorphic_or_optimized_type_check action=maybe_recompile pc=0x0000022649905dd0 method=java.util.HashMap.getNode(Ljava/lang/Object;)Ljava/util/HashMap$Node; @ 63 c2
Event: 1.035 Thread 0x000002263e2c9790 DEOPT PACKING pc=0x0000022649905dd0 sp=0x000000c9d01fe7d0
Event: 1.035 Thread 0x000002263e2c9790 DEOPT UNPACKING pc=0x00000226493446a2 sp=0x000000c9d01fe738 mode 2
Event: 1.066 Thread 0x000002263e2c9790 Uncommon trap: trap_request=0xffffff54 fr.pc=0x00000226498e866c relative=0x00000000000015cc
Event: 1.066 Thread 0x000002263e2c9790 Uncommon trap: reason=speculate_null_assert action=make_not_entrant pc=0x00000226498e866c method=java.util.jar.JarFile.getVersionedEntry(Ljava/lang/String;Ljava/util/jar/JarEntry;)Ljava/util/jar/JarEntry; @ 115 c2
Event: 1.066 Thread 0x000002263e2c9790 DEOPT PACKING pc=0x00000226498e866c sp=0x000000c9d01fd7a0
Event: 1.066 Thread 0x000002263e2c9790 DEOPT UNPACKING pc=0x00000226493446a2 sp=0x000000c9d01fd708 mode 2
Event: 1.166 Thread 0x000002263e2c9790 Uncommon trap: trap_request=0xffffff45 fr.pc=0x00000226498a8ad0 relative=0x0000000000000050
Event: 1.166 Thread 0x000002263e2c9790 Uncommon trap: reason=unstable_if action=reinterpret pc=0x00000226498a8ad0 method=sun.nio.fs.WindowsPathParser.isSlash(C)Z @ 9 c2
Event: 1.166 Thread 0x000002263e2c9790 DEOPT PACKING pc=0x00000226498a8ad0 sp=0x000000c9d01fc420
Event: 1.166 Thread 0x000002263e2c9790 DEOPT UNPACKING pc=0x00000226493446a2 sp=0x000000c9d01fc3a8 mode 2
Event: 1.236 Thread 0x000002263e2c9790 Uncommon trap: trap_request=0xffffff45 fr.pc=0x00000226498e1068 relative=0x00000000000002a8
Event: 1.236 Thread 0x000002263e2c9790 Uncommon trap: reason=unstable_if action=reinterpret pc=0x00000226498e1068 method=java.util.concurrent.ConcurrentHashMap.get(Ljava/lang/Object;)Ljava/lang/Object; @ 152 c2
Event: 1.236 Thread 0x000002263e2c9790 DEOPT PACKING pc=0x00000226498e1068 sp=0x000000c9d01fc9c0
Event: 1.236 Thread 0x000002263e2c9790 DEOPT UNPACKING pc=0x00000226493446a2 sp=0x000000c9d01fc928 mode 2
Event: 1.236 Thread 0x000002263e2c9790 Uncommon trap: trap_request=0xffffffde fr.pc=0x00000226498f994c relative=0x0000000000000e4c
Event: 1.236 Thread 0x000002263e2c9790 Uncommon trap: reason=class_check action=maybe_recompile pc=0x00000226498f994c method=java.util.concurrent.ConcurrentHashMap.putVal(Ljava/lang/Object;Ljava/lang/Object;Z)Ljava/lang/Object; @ 242 c2
Event: 1.236 Thread 0x000002263e2c9790 DEOPT PACKING pc=0x00000226498f994c sp=0x000000c9d01fc840
Event: 1.236 Thread 0x000002263e2c9790 DEOPT UNPACKING pc=0x00000226493446a2 sp=0x000000c9d01fc7b0 mode 2

Classes loaded (20 events):
Event: 1.262 Loading class sun/util/locale/provider/CalendarProviderImpl
Event: 1.263 Loading class sun/util/locale/provider/AvailableLanguageTags
Event: 1.263 Loading class sun/util/locale/provider/AvailableLanguageTags done
Event: 1.263 Loading class sun/util/locale/provider/CalendarProviderImpl done
Event: 1.277 Loading class java/util/Calendar$Builder
Event: 1.277 Loading class java/util/Calendar$Builder done
Event: 1.277 Loading class sun/util/calendar/CalendarSystem
Event: 1.278 Loading class sun/util/calendar/CalendarSystem done
Event: 1.278 Loading class sun/util/calendar/CalendarSystem$GregorianHolder
Event: 1.278 Loading class sun/util/calendar/CalendarSystem$GregorianHolder done
Event: 1.278 Loading class sun/util/calendar/Gregorian
Event: 1.278 Loading class sun/util/calendar/BaseCalendar
Event: 1.278 Loading class sun/util/calendar/AbstractCalendar
Event: 1.278 Loading class sun/util/calendar/AbstractCalendar done
Event: 1.278 Loading class sun/util/calendar/BaseCalendar done
Event: 1.278 Loading class sun/util/calendar/Gregorian done
Event: 1.279 Loading class sun/util/locale/provider/CalendarDataUtility
Event: 1.279 Loading class sun/util/locale/provider/CalendarDataUtility done
Event: 1.279 Loading class java/util/Locale$Builder
Event: 1.279 Loading class java/util/Locale$Builder done

Classes unloaded (0 events):
No events

Classes redefined (0 events):
No events

Internal exceptions (20 events):
Event: 0.995 Thread 0x000002263e2c9790 Exception <a 'java/lang/NoSuchMethodError'{0x000000008900a570}: 'java.lang.Object java.lang.invoke.DirectMethodHandle$Holder.invokeSpecial(java.lang.Object, java.lang.Object, java.lang.Object, int, java.lang.Object)'> (0x000000008900a570) 
thrown [s\src\hotspot\share\interpreter\linkResolver.cpp, line 774]
Event: 0.995 Thread 0x000002263e2c9790 Exception <a 'java/lang/NoSuchMethodError'{0x0000000089012030}: 'java.lang.Object java.lang.invoke.DirectMethodHandle$Holder.newInvokeSpecial(java.lang.Object, java.lang.Object, java.lang.Object, int, java.lang.Object)'> (0x0000000089012030) 
thrown [s\src\hotspot\share\interpreter\linkResolver.cpp, line 774]
Event: 0.999 Thread 0x000002263e2c9790 Exception <a 'java/lang/NoSuchMethodError'{0x000000008902bb10}: 'java.lang.Object java.lang.invoke.DirectMethodHandle$Holder.newInvokeSpecial(java.lang.Object, int, java.lang.Object)'> (0x000000008902bb10) 
thrown [s\src\hotspot\share\interpreter\linkResolver.cpp, line 774]
Event: 0.999 Thread 0x000002263e2c9790 Exception <a 'java/lang/NoSuchMethodError'{0x0000000089030680}: 'int java.lang.invoke.DirectMethodHandle$Holder.invokeSpecialIFC(java.lang.Object, java.lang.Object, java.lang.Object, java.lang.Object)'> (0x0000000089030680) 
thrown [s\src\hotspot\share\interpreter\linkResolver.cpp, line 774]
Event: 1.025 Thread 0x000002263e2c9790 Exception <a 'java/lang/NoSuchMethodError'{0x00000000890fb1b0}: 'void java.lang.invoke.DirectMethodHandle$Holder.invokeInterface(java.lang.Object, java.lang.Object, java.lang.Object)'> (0x00000000890fb1b0) 
thrown [s\src\hotspot\share\interpreter\linkResolver.cpp, line 774]
Event: 1.044 Thread 0x000002263e2c9790 Exception <a 'java/lang/NoSuchMethodError'{0x0000000088f73428}: 'void java.lang.invoke.DirectMethodHandle$Holder.invokeStaticInit(java.lang.Object, java.lang.Object, java.lang.Object)'> (0x0000000088f73428) 
thrown [s\src\hotspot\share\interpreter\linkResolver.cpp, line 774]
Event: 1.049 Thread 0x000002263e2c9790 Exception <a 'java/lang/NoSuchMethodError'{0x0000000088f8a9b8}: 'java.lang.Object java.lang.invoke.DirectMethodHandle$Holder.invokeStatic(java.lang.Object, long, java.lang.Object)'> (0x0000000088f8a9b8) 
thrown [s\src\hotspot\share\interpreter\linkResolver.cpp, line 774]
Event: 1.050 Thread 0x000002263e2c9790 Exception <a 'java/lang/NoSuchMethodError'{0x0000000088f8e040}: 'java.lang.Object java.lang.invoke.DirectMethodHandle$Holder.invokeStaticInit(java.lang.Object, long, java.lang.Object)'> (0x0000000088f8e040) 
thrown [s\src\hotspot\share\interpreter\linkResolver.cpp, line 774]
Event: 1.050 Thread 0x000002263e2c9790 Exception <a 'java/lang/NoSuchMethodError'{0x0000000088f93940}: 'java.lang.Object java.lang.invoke.DirectMethodHandle$Holder.newInvokeSpecial(java.lang.Object, long)'> (0x0000000088f93940) 
thrown [s\src\hotspot\share\interpreter\linkResolver.cpp, line 774]
Event: 1.068 Thread 0x000002263e2c9790 Exception <a 'java/lang/NoSuchMethodError'{0x0000000088fe45d0}: 'void java.lang.invoke.DirectMethodHandle$Holder.invokeVirtual(java.lang.Object, java.lang.Object, java.lang.Object, java.lang.Object)'> (0x0000000088fe45d0) 
thrown [s\src\hotspot\share\interpreter\linkResolver.cpp, line 774]
Event: 1.124 Thread 0x000002263e2c9790 Exception <a 'java/lang/NoSuchMethodError'{0x0000000088d1b518}: 'void java.lang.invoke.DirectMethodHandle$Holder.invokeSpecial(java.lang.Object, java.lang.Object, java.lang.Object)'> (0x0000000088d1b518) 
thrown [s\src\hotspot\share\interpreter\linkResolver.cpp, line 774]
Event: 1.132 Thread 0x000002263e2c9790 Exception <a 'java/lang/IncompatibleClassChangeError'{0x0000000088d64958}: Found class java.lang.Object, but interface was expected> (0x0000000088d64958) 
thrown [s\src\hotspot\share\interpreter\linkResolver.cpp, line 841]
Event: 1.141 Thread 0x000002265acc1d10 Exception <a 'java/lang/NoClassDefFoundError'{0x0000000088d51dc8}: jakarta/validation/Validation> (0x0000000088d51dc8) 
thrown [s\src\hotspot\share\classfile\systemDictionary.cpp, line 302]
Event: 1.145 Thread 0x000002263e2c9790 Exception <a 'java/lang/NoSuchMethodError'{0x0000000088d79788}: 'java.lang.Object java.lang.invoke.DirectMethodHandle$Holder.invokeStaticInit(java.lang.Object, int)'> (0x0000000088d79788) 
thrown [s\src\hotspot\share\interpreter\linkResolver.cpp, line 774]
Event: 1.147 Thread 0x000002263e2c9790 Exception <a 'java/lang/NoSuchMethodError'{0x0000000088d83c80}: 'java.lang.Object java.lang.invoke.DirectMethodHandle$Holder.invokeStatic(java.lang.Object, int, java.lang.Object)'> (0x0000000088d83c80) 
thrown [s\src\hotspot\share\interpreter\linkResolver.cpp, line 774]
Event: 1.148 Thread 0x000002263e2c9790 Exception <a 'java/lang/NoSuchMethodError'{0x0000000088d87300}: 'java.lang.Object java.lang.invoke.DirectMethodHandle$Holder.invokeStaticInit(java.lang.Object, int, java.lang.Object)'> (0x0000000088d87300) 
thrown [s\src\hotspot\share\interpreter\linkResolver.cpp, line 774]
Event: 1.167 Thread 0x000002263e2c9790 Exception <a 'sun/nio/fs/WindowsException'{0x0000000088c7e4a0}> (0x0000000088c7e4a0) 
thrown [s\src\hotspot\share\prims\jni.cpp, line 520]
Event: 1.179 Thread 0x000002263e2c9790 Exception <a 'jdk/internal/org/jline/terminal/impl/jna/LastErrorException'{0x0000000088b806d0}> (0x0000000088b806d0) 
thrown [s\src\hotspot\share\prims\jni.cpp, line 520]
Event: 1.179 Thread 0x000002263e2c9790 Exception <a 'jdk/internal/org/jline/terminal/impl/jna/LastErrorException'{0x0000000088b80d90}> (0x0000000088b80d90) 
thrown [s\src\hotspot\share\prims\jni.cpp, line 520]
Event: 1.179 Thread 0x000002263e2c9790 Exception <a 'jdk/internal/org/jline/terminal/impl/jna/LastErrorException'{0x0000000088b81400}> (0x0000000088b81400) 
thrown [s\src\hotspot\share\prims\jni.cpp, line 520]

ZGC Phase Switch (0 events):
No events

VM Operations (20 events):
Event: 0.325 Executing VM operation: HandshakeAllThreads (Deoptimize)
Event: 0.325 Executing VM operation: HandshakeAllThreads (Deoptimize) done
Event: 0.641 Executing VM operation: HandshakeAllThreads (Deoptimize)
Event: 0.641 Executing VM operation: HandshakeAllThreads (Deoptimize) done
Event: 0.641 Executing VM operation: HandshakeAllThreads (Deoptimize)
Event: 0.641 Executing VM operation: HandshakeAllThreads (Deoptimize) done
Event: 0.743 Executing VM operation: G1CollectForAllocation (G1 Evacuation Pause)
Event: 0.747 Executing VM operation: G1CollectForAllocation (G1 Evacuation Pause) done
Event: 0.766 Executing VM operation: HandshakeAllThreads (Deoptimize)
Event: 0.766 Executing VM operation: HandshakeAllThreads (Deoptimize) done
Event: 1.112 Executing VM operation: HandshakeAllThreads (Deoptimize)
Event: 1.112 Executing VM operation: HandshakeAllThreads (Deoptimize) done
Event: 1.120 Executing VM operation: HandshakeAllThreads (Deoptimize)
Event: 1.120 Executing VM operation: HandshakeAllThreads (Deoptimize) done
Event: 1.135 Executing VM operation: ICBufferFull
Event: 1.135 Executing VM operation: ICBufferFull done
Event: 1.149 Executing VM operation: HandshakeAllThreads (Deoptimize)
Event: 1.149 Executing VM operation: HandshakeAllThreads (Deoptimize) done
Event: 1.231 Executing VM operation: G1CollectForAllocation (G1 Evacuation Pause)
Event: 1.236 Executing VM operation: G1CollectForAllocation (G1 Evacuation Pause) done

Events (13 events):
Event: 0.030 Thread 0x000002263e2c9790 Thread added: 0x000002263e2c9790
Event: 0.093 Thread 0x0000022655ac0f70 Thread added: 0x0000022655ac0f70
Event: 0.093 Thread 0x0000022655ac1c90 Thread added: 0x0000022655ac1c90
Event: 0.094 Thread 0x0000022655ac3860 Thread added: 0x0000022655ac3860
Event: 0.094 Thread 0x0000022655af34a0 Thread added: 0x0000022655af34a0
Event: 0.094 Thread 0x0000022655b12e60 Thread added: 0x0000022655b12e60
Event: 0.094 Thread 0x0000022655af7440 Thread added: 0x0000022655af7440
Event: 0.095 Thread 0x0000022655ae49b0 Thread added: 0x0000022655ae49b0
Event: 0.095 Thread 0x0000022655ae5460 Thread added: 0x0000022655ae5460
Event: 0.157 Thread 0x0000022655cc78e0 Thread added: 0x0000022655cc78e0
Event: 0.163 Thread 0x0000022655cd0790 Thread added: 0x0000022655cd0790
Event: 0.225 Thread 0x0000022655d58e00 Thread added: 0x0000022655d58e00
Event: 1.129 Thread 0x000002265acc1d10 Thread added: 0x000002265acc1d10


Dynamic libraries:
0x00007ff6eb340000 - 0x00007ff6eb34e000 	C:\Users\Ashwin\.p2\pool\plugins\org.eclipse.justj.openjdk.hotspot.jre.full.win32.x86_64_22.0.1.v20240426-1149\jre\bin\javaw.exe
0x00007ff9e5090000 - 0x00007ff9e5288000 	C:\Windows\SYSTEM32\ntdll.dll
0x00007ff9e32f0000 - 0x00007ff9e33b2000 	C:\Windows\System32\KERNEL32.DLL
0x00007ff9e27d0000 - 0x00007ff9e2acf000 	C:\Windows\System32\KERNELBASE.dll
0x00007ff9e2ba0000 - 0x00007ff9e2ca0000 	C:\Windows\System32\ucrtbase.dll
0x00007ff9db480000 - 0x00007ff9db497000 	C:\Users\Ashwin\.p2\pool\plugins\org.eclipse.justj.openjdk.hotspot.jre.full.win32.x86_64_22.0.1.v20240426-1149\jre\bin\jli.dll
0x00007ff9da380000 - 0x00007ff9da39b000 	C:\Users\Ashwin\.p2\pool\plugins\org.eclipse.justj.openjdk.hotspot.jre.full.win32.x86_64_22.0.1.v20240426-1149\jre\bin\VCRUNTIME140.dll
0x00007ff9e37d0000 - 0x00007ff9e396d000 	C:\Windows\System32\USER32.dll
0x00007ff9d0170000 - 0x00007ff9d040a000 	C:\Windows\WinSxS\amd64_microsoft.windows.common-controls_6595b64144ccf1df_6.0.19041.4355_none_60b8b9eb71f62e16\COMCTL32.dll
0x00007ff9e2ad0000 - 0x00007ff9e2af2000 	C:\Windows\System32\win32u.dll
0x00007ff9e4060000 - 0x00007ff9e40fe000 	C:\Windows\System32\msvcrt.dll
0x00007ff9e34a0000 - 0x00007ff9e34cb000 	C:\Windows\System32\GDI32.dll
0x00007ff9e2e00000 - 0x00007ff9e2f1a000 	C:\Windows\System32\gdi32full.dll
0x00007ff9e2b00000 - 0x00007ff9e2b9d000 	C:\Windows\System32\msvcp_win.dll
0x00007ff9e32c0000 - 0x00007ff9e32ef000 	C:\Windows\System32\IMM32.DLL
0x00007ff9dafc0000 - 0x00007ff9dafcc000 	C:\Users\Ashwin\.p2\pool\plugins\org.eclipse.justj.openjdk.hotspot.jre.full.win32.x86_64_22.0.1.v20240426-1149\jre\bin\vcruntime140_1.dll
0x00007ff9b1e60000 - 0x00007ff9b1eee000 	C:\Users\Ashwin\.p2\pool\plugins\org.eclipse.justj.openjdk.hotspot.jre.full.win32.x86_64_22.0.1.v20240426-1149\jre\bin\msvcp140.dll
0x00007ff99ed70000 - 0x00007ff99fb32000 	C:\Users\Ashwin\.p2\pool\plugins\org.eclipse.justj.openjdk.hotspot.jre.full.win32.x86_64_22.0.1.v20240426-1149\jre\bin\server\jvm.dll
0x00007ff9e4550000 - 0x00007ff9e45ff000 	C:\Windows\System32\ADVAPI32.dll
0x00007ff9e4fb0000 - 0x00007ff9e504f000 	C:\Windows\System32\sechost.dll
0x00007ff9e46b0000 - 0x00007ff9e47d3000 	C:\Windows\System32\RPCRT4.dll
0x00007ff9e2730000 - 0x00007ff9e2757000 	C:\Windows\System32\bcrypt.dll
0x00007ff9e3aa0000 - 0x00007ff9e3b0b000 	C:\Windows\System32\WS2_32.dll
0x00007ff9e1ee0000 - 0x00007ff9e1f2b000 	C:\Windows\SYSTEM32\POWRPROF.dll
0x00007ff9d9c70000 - 0x00007ff9d9c7a000 	C:\Windows\SYSTEM32\VERSION.dll
0x00007ff9cfcf0000 - 0x00007ff9cfd17000 	C:\Windows\SYSTEM32\WINMM.dll
0x00007ff9e1ec0000 - 0x00007ff9e1ed2000 	C:\Windows\SYSTEM32\UMPDC.dll
0x00007ff9e05b0000 - 0x00007ff9e05c2000 	C:\Windows\SYSTEM32\kernel.appcore.dll
0x00007ff9de210000 - 0x00007ff9de21a000 	C:\Users\Ashwin\.p2\pool\plugins\org.eclipse.justj.openjdk.hotspot.jre.full.win32.x86_64_22.0.1.v20240426-1149\jre\bin\jimage.dll
0x00007ff9db1b0000 - 0x00007ff9db394000 	C:\Windows\SYSTEM32\DBGHELP.DLL
0x00007ff9d8340000 - 0x00007ff9d8374000 	C:\Windows\SYSTEM32\dbgcore.DLL
0x00007ff9e2fd0000 - 0x00007ff9e3052000 	C:\Windows\System32\bcryptPrimitives.dll
0x00007ff9d6b90000 - 0x00007ff9d6bae000 	C:\Users\Ashwin\.p2\pool\plugins\org.eclipse.justj.openjdk.hotspot.jre.full.win32.x86_64_22.0.1.v20240426-1149\jre\bin\java.dll
0x00007ff9e47e0000 - 0x00007ff9e4f4d000 	C:\Windows\System32\SHELL32.dll
0x00007ff9e3970000 - 0x00007ff9e3a9b000 	C:\Windows\System32\ole32.dll
0x00007ff9e4190000 - 0x00007ff9e44e5000 	C:\Windows\System32\combase.dll
0x00007ff9d11d0000 - 0x00007ff9d11e7000 	C:\Users\Ashwin\.p2\pool\plugins\org.eclipse.justj.openjdk.hotspot.jre.full.win32.x86_64_22.0.1.v20240426-1149\jre\bin\zip.dll
0x00007ff9e07b0000 - 0x00007ff9e0f54000 	C:\Windows\SYSTEM32\windows.storage.dll
0x00007ff9e2160000 - 0x00007ff9e218f000 	C:\Windows\SYSTEM32\Wldp.dll
0x00007ff9e3f90000 - 0x00007ff9e405d000 	C:\Windows\System32\OLEAUT32.dll
0x00007ff9e33e0000 - 0x00007ff9e348d000 	C:\Windows\System32\SHCORE.dll
0x00007ff9e3680000 - 0x00007ff9e36d5000 	C:\Windows\System32\shlwapi.dll
0x00007ff9e2660000 - 0x00007ff9e2684000 	C:\Windows\SYSTEM32\profapi.dll
0x00007ff9dc840000 - 0x00007ff9dc850000 	C:\Users\Ashwin\.p2\pool\plugins\org.eclipse.justj.openjdk.hotspot.jre.full.win32.x86_64_22.0.1.v20240426-1149\jre\bin\net.dll
0x00007ff9e1e50000 - 0x00007ff9e1ebc000 	C:\Windows\system32\mswsock.dll
0x00007ff9d0850000 - 0x00007ff9d0866000 	C:\Users\Ashwin\.p2\pool\plugins\org.eclipse.justj.openjdk.hotspot.jre.full.win32.x86_64_22.0.1.v20240426-1149\jre\bin\nio.dll
0x00007ff9daf50000 - 0x00007ff9daf5b000 	C:\Users\Ashwin\.p2\pool\plugins\org.eclipse.justj.openjdk.hotspot.jre.full.win32.x86_64_22.0.1.v20240426-1149\jre\bin\le.dll

dbghelp: loaded successfully - version: 4.0.5 - missing functions: none
symbol engine: initialized successfully - sym options: 0x614 - pdb path: .;C:\Users\Ashwin\.p2\pool\plugins\org.eclipse.justj.openjdk.hotspot.jre.full.win32.x86_64_22.0.1.v20240426-1149\jre\bin;C:\Windows\SYSTEM32;C:\Windows\WinSxS\amd64_microsoft.windows.common-controls_6595b64144ccf1df_6.0.19041.4355_none_60b8b9eb71f62e16;C:\Users\Ashwin\.p2\pool\plugins\org.eclipse.justj.openjdk.hotspot.jre.full.win32.x86_64_22.0.1.v20240426-1149\jre\bin\server

VM Arguments:
jvm_args: -Dfile.encoding=UTF-8 -Dstdout.encoding=UTF-8 -Dstderr.encoding=UTF-8 -XX:+ShowCodeDetailsInExceptionMessages 
java_command: com.DemoTest
java_class_path (initial): D:\Sprongboot\SpringbootSimpleApp\target\classes;C:\Users\Ashwin\.m2\repository\org\springframework\boot\spring-boot-starter-web\3.3.0\spring-boot-starter-web-3.3.0.jar;C:\Users\Ashwin\.m2\repository\org\springframework\boot\spring-boot-starter\3.3.0\spring-boot-starter-3.3.0.jar;C:\Users\Ashwin\.m2\repository\org\springframework\boot\spring-boot\3.3.0\spring-boot-3.3.0.jar;C:\Users\Ashwin\.m2\repository\org\springframework\boot\spring-boot-autoconfigure\3.3.0\spring-boot-autoconfigure-3.3.0.jar;C:\Users\Ashwin\.m2\repository\org\springframework\boot\spring-boot-starter-logging\3.3.0\spring-boot-starter-logging-3.3.0.jar;C:\Users\Ashwin\.m2\repository\ch\qos\logback\logback-classic\1.5.6\logback-classic-1.5.6.jar;C:\Users\Ashwin\.m2\repository\ch\qos\logback\logback-core\1.5.6\logback-core-1.5.6.jar;C:\Users\Ashwin\.m2\repository\org\apache\logging\log4j\log4j-to-slf4j\2.23.1\log4j-to-slf4j-2.23.1.jar;C:\Users\Ashwin\.m2\repository\org\apache\logging\log4j\log4j-api\2.23.1\log4j-api-2.23.1.jar;C:\Users\Ashwin\.m2\repository\org\slf4j\jul-to-slf4j\2.0.13\jul-to-slf4j-2.0.13.jar;C:\Users\Ashwin\.m2\repository\jakarta\annotation\jakarta.annotation-api\2.1.1\jakarta.annotation-api-2.1.1.jar;C:\Users\Ashwin\.m2\repository\org\springframework\spring-core\6.1.8\spring-core-6.1.8.jar;C:\Users\Ashwin\.m2\repository\org\springframework\spring-jcl\6.1.8\spring-jcl-6.1.8.jar;C:\Users\Ashwin\.m2\repository\org\yaml\snakeyaml\2.2\snakeyaml-2.2.jar;C:\Users\Ashwin\.m2\repository\org\springframework\boot\spring-boot-starter-json\3.3.0\spring-boot-starter-json-3.3.0.jar;C:\Users\Ashwin\.m2\repository\com\fasterxml\jackson\core\jackson-databind\2.17.1\jackson-databind-2.17.1.jar;C:\Users\Ashwin\.m2\repository\com\fasterxml\jackson\core\jackson-annotations\2.17.1\jackson-annotations-2.17.1.jar;C:\Users\Ashwin\.m2\repository\com\fasterxml\jackson\core\jackson-core\2.17.1\jackson-core-2.17.1.jar;C:\Users\Ashwin\.m2\repository\com\fasterxml\jackson\datatype\jackson-datatype-jdk8\2.17.1\jackson-datatype-jdk8-2.17.1.jar;C:\Users\Ashwin\.m2\repository\com\fasterxml\jackson\datatype\jackson-datatype-jsr310\2.17.1\jackson-datatype-jsr310-2.17.1.jar;C:\Users\Ashwin\.m2\repository\com\fasterxml\jackson\module\jackson-module-parameter-names\2.17.1\jackson-module-parameter-names-2.17.1.jar;C:\Users\Ashwin\.m2\repository\org\springframework\boot\spring-boot-starter-tomcat\3.3.0\spring-boot-starter-tomcat-3.3.0.jar;C:\Users\Ashwin\.m2\repository\org\apache\tomcat\embed\tomcat-embed-core\10.1.24\tomcat-embed-core-10.1.24.jar;C:\Users\Ashwin\.m2\repository\org\apache\tomcat\embed\tomcat-embed-el\10.1.24\tomcat-embed-el-10.1.24.jar;C:\Users\Ashwin\.m2\repository\org\apache\tomcat\embed\tomcat-embed-websocket\10.1.24\tomcat-embed-websocket-10.1.24.jar;C:\Users\Ashwin\.m2\repository\org\springframework\spring-web\6.1.8\spring-web-6.1.8.jar;C:\Users\Ashwin\.m2\repository\org\springframework\spring-beans\6.1.8\spring-beans-6.1.8.jar;C:\Users\Ashwin\.m2\repository\io\micrometer\micrometer-observation\1.12.6\micrometer-observation-1.12.6.jar;C:\Users\Ashwin\.m2\repository\io\micrometer\micrometer-commons\1.12.6\micrometer-commons-1.12.6.jar;C:\Users\Ashwin\.m2\repository\org\springframework\spring-webmvc\6.1.8\spring-webmvc-6.1.8.jar;C:\Users\Ashwin\.m2\repository\org\springframework\spring-aop\6.1.8\spring-aop-6.1.8.jar;C:\Users\Ashwin\.m2\repository\org\springframework\spring-context\6.1.8\spring-context-6.1.8.jar;C:\Users\Ashwin\.m2\repository\org\springframework\spring-expression\6.1.8\spring-expression-6.1.8.jar;C:\Users\Ashwin\.m2\repository\org\springframework\boot\spring-boot-starter-thymeleaf\3.3.0\spring-boot-starter-thymeleaf-3.3.0.jar;C:\Users\Ashwin\.m2\repository\org\thymeleaf\thymeleaf-spring6\3.1.2.RELEASE\thymeleaf-spring6-3.1.2.RELEASE.jar;C:\Users\Ashwin\.m2\repository\org\thymeleaf\thymeleaf\3.1.2.RELEASE\thymeleaf-3.1.2.RELEASE.jar;C:\Users\Ashwin\.m2\repository\org\attoparser\attoparser\2.0.7.RELEASE\attoparser-2.0.7.RELEASE.jar;C:\Users\Ashwin\.m2\repository\org\unbescape\unbescape\1.1.6.RELEASE\unbescape-1.1.6.RELEASE.jar;C:\Users\Ashwin\.m2\repository\org\slf4j\slf4j-api\2.0.7\slf4j-api-2.0.7.jar;C:\Users\Ashwin\.m2\repository\org\springframework\boot\spring-boot-starter-jdbc\3.3.0\spring-boot-starter-jdbc-3.3.0.jar;C:\Users\Ashwin\.m2\repository\com\zaxxer\HikariCP\5.1.0\HikariCP-5.1.0.jar;C:\Users\Ashwin\.m2\repository\org\springframework\spring-jdbc\6.1.8\spring-jdbc-6.1.8.jar;C:\Users\Ashwin\.m2\repository\org\springframework\spring-tx\6.1.8\spring-tx-6.1.8.jar;C:\Users\Ashwin\.m2\repository\com\h2database\h2\2.2.222\h2-2.2.222.jar
Launcher Type: SUN_STANDARD

[Global flags]
     intx CICompilerCount                          = 3                                         {product} {ergonomic}
     uint ConcGCThreads                            = 1                                         {product} {ergonomic}
     uint G1ConcRefinementThreads                  = 4                                         {product} {ergonomic}
   size_t G1HeapRegionSize                         = 1048576                                   {product} {ergonomic}
   size_t InitialHeapSize                          = 134217728                                 {product} {ergonomic}
   size_t MarkStackSize                            = 4194304                                   {product} {ergonomic}
   size_t MaxHeapSize                              = 2122317824                                {product} {ergonomic}
   size_t MaxNewSize                               = 1272971264                                {product} {ergonomic}
   size_t MinHeapDeltaBytes                        = 1048576                                   {product} {ergonomic}
   size_t MinHeapSize                              = 8388608                                   {product} {ergonomic}
    uintx NonNMethodCodeHeapSize                   = 5832780                                {pd product} {ergonomic}
    uintx NonProfiledCodeHeapSize                  = 122912730                              {pd product} {ergonomic}
    uintx ProfiledCodeHeapSize                     = 122912730                              {pd product} {ergonomic}
    uintx ReservedCodeCacheSize                    = 251658240                              {pd product} {ergonomic}
     bool SegmentedCodeCache                       = true                                      {product} {ergonomic}
     bool ShowCodeDetailsInExceptionMessages       = true                                   {manageable} {command line}
   size_t SoftMaxHeapSize                          = 2122317824                             {manageable} {ergonomic}
     bool UseCompressedOops                        = true                           {product lp64_product} {ergonomic}
     bool UseG1GC                                  = true                                      {product} {ergonomic}
     bool UseLargePagesIndividualAllocation        = false                                  {pd product} {ergonomic}

Logging:
Log output configuration:
 #0: stdout all=warning uptime,level,tags foldmultilines=false
 #1: stderr all=off uptime,level,tags foldmultilines=false

Environment Variables:
JAVA_HOME=C:\Program Files\Java\jdk-22
PATH=C:/Users/Ashwin/.p2/pool/plugins/org.eclipse.justj.openjdk.hotspot.jre.full.win32.x86_64_22.0.1.v20240426-1149/jre/bin/server;C:/Users/Ashwin/.p2/pool/plugins/org.eclipse.justj.openjdk.hotspot.jre.full.win32.x86_64_22.0.1.v20240426-1149/jre/bin;C:\Program Files\Common Files\Oracle\Java\javapath;C:\Windows\system32;C:\Windows;C:\Windows\System32\Wbem;C:\Windows\System32\WindowsPowerShell\v1.0\;C:\Windows\System32\OpenSSH\;C:\Program Files\nodejs\;C:\Program Files\Java\jdk-22\bin;C:\Program Files\Git\cmd;C:\Users\Ashwin\AppData\Local\Microsoft\WindowsApps;C:\Users\Ashwin\AppData\Roaming\npm;C:\Users\Ashwin\AppData\Local\Programs\Microsoft VS Code\bin;C:\Program Files\MySQL\MySQL Server 8.0\bin;C:\Users\Ashwin\eclipse\java-2024-06\eclipse;
USERNAME=Ashwin
OS=Windows_NT
PROCESSOR_IDENTIFIER=Intel64 Family 6 Model 142 Stepping 9, GenuineIntel
TMP=C:\Users\Ashwin\AppData\Local\Temp
TEMP=C:\Users\Ashwin\AppData\Local\Temp




Periodic native trim disabled

---------------  S Y S T E M  ---------------

OS:
 Windows 10 , 64 bit Build 19041 (10.0.19041.5438)
OS uptime: 8 days 20:05 hours

CPU: total 4 (initial active 4) (2 cores per cpu, 2 threads per core) family 6 model 142 stepping 9 microcode 0xb4, cx8, cmov, fxsr, ht, mmx, 3dnowpref, sse, sse2, sse3, ssse3, sse4.1, sse4.2, popcnt, lzcnt, tsc, tscinvbit, avx, avx2, aes, erms, clmul, bmi1, bmi2, adx, fma, vzeroupper, clflush, clflushopt, rdtscp, f16c
Processor Information for all 4 processors :
  Max Mhz: 2701, Current Mhz: 2701, Mhz Limit: 2701

Memory: 4k page, system-wide physical 8092M (771M free)
TotalPageFile size 8092M (AvailPageFile size 0M)
current process WorkingSet (physical memory assigned to process): 90M, peak: 90M
current process commit charge ("private bytes"): 222M, peak: 222M

vm_info: OpenJDK 64-Bit Server VM (22.0.1+8) for windows-amd64 JRE (22.0.1+8), built on 2024-04-16T00:00:00Z by "admin" with MS VC++ 17.7 (VS2022)

END.
